<?xml version="1.0" encoding="UTF-8"?>
<testsuite xmlns:xsi="http://www.w3.org/2001/XMLSchema-instance" xsi:noNamespaceSchemaLocation="https://maven.apache.org/surefire/maven-surefire-plugin/xsd/surefire-test-report-3.0.xsd" version="3.0" name="TestSuite" time="220.55" tests="28" errors="0" skipped="0" failures="0">
  <properties>
    <property name="java.specification.version" value="21"/>
    <property name="webdriver.chrome.driver" value="C:\Users\2421305\.cache\selenium\chromedriver\win64\138.0.7204.183\chromedriver.exe"/>
    <property name="sun.cpu.isalist" value="amd64"/>
    <property name="sun.jnu.encoding" value="Cp1252"/>
    <property name="java.class.path" value="C:\Users\2421305\eclipse-workspace\Emi\target\test-classes;C:\Users\2421305\eclipse-workspace\Emi\target\classes;C:\Users\2421305\.m2\repository\org\seleniumhq\selenium\selenium-java\4.35.0\selenium-java-4.35.0.jar;C:\Users\2421305\.m2\repository\org\seleniumhq\selenium\selenium-api\4.35.0\selenium-api-4.35.0.jar;C:\Users\2421305\.m2\repository\org\jspecify\jspecify\1.0.0\jspecify-1.0.0.jar;C:\Users\2421305\.m2\repository\org\seleniumhq\selenium\selenium-chrome-driver\4.35.0\selenium-chrome-driver-4.35.0.jar;C:\Users\2421305\.m2\repository\com\google\auto\service\auto-service-annotations\1.1.1\auto-service-annotations-1.1.1.jar;C:\Users\2421305\.m2\repository\org\seleniumhq\selenium\selenium-chromium-driver\4.35.0\selenium-chromium-driver-4.35.0.jar;C:\Users\2421305\.m2\repository\org\seleniumhq\selenium\selenium-json\4.35.0\selenium-json-4.35.0.jar;C:\Users\2421305\.m2\repository\org\seleniumhq\selenium\selenium-manager\4.35.0\selenium-manager-4.35.0.jar;C:\Users\2421305\.m2\repository\org\seleniumhq\selenium\selenium-devtools-v137\4.35.0\selenium-devtools-v137-4.35.0.jar;C:\Users\2421305\.m2\repository\org\seleniumhq\selenium\selenium-devtools-v138\4.35.0\selenium-devtools-v138-4.35.0.jar;C:\Users\2421305\.m2\repository\org\seleniumhq\selenium\selenium-devtools-v139\4.35.0\selenium-devtools-v139-4.35.0.jar;C:\Users\2421305\.m2\repository\org\seleniumhq\selenium\selenium-edge-driver\4.35.0\selenium-edge-driver-4.35.0.jar;C:\Users\2421305\.m2\repository\org\seleniumhq\selenium\selenium-firefox-driver\4.35.0\selenium-firefox-driver-4.35.0.jar;C:\Users\2421305\.m2\repository\org\seleniumhq\selenium\selenium-http\4.35.0\selenium-http-4.35.0.jar;C:\Users\2421305\.m2\repository\org\seleniumhq\selenium\selenium-ie-driver\4.35.0\selenium-ie-driver-4.35.0.jar;C:\Users\2421305\.m2\repository\org\seleniumhq\selenium\selenium-remote-driver\4.35.0\selenium-remote-driver-4.35.0.jar;C:\Users\2421305\.m2\repository\com\google\guava\guava\33.4.8-jre\guava-33.4.8-jre.jar;C:\Users\2421305\.m2\repository\com\google\guava\failureaccess\1.0.3\failureaccess-1.0.3.jar;C:\Users\2421305\.m2\repository\com\google\guava\listenablefuture\9999.0-empty-to-avoid-conflict-with-guava\listenablefuture-9999.0-empty-to-avoid-conflict-with-guava.jar;C:\Users\2421305\.m2\repository\com\google\j2objc\j2objc-annotations\3.0.0\j2objc-annotations-3.0.0.jar;C:\Users\2421305\.m2\repository\io\opentelemetry\opentelemetry-api\1.53.0\opentelemetry-api-1.53.0.jar;C:\Users\2421305\.m2\repository\io\opentelemetry\opentelemetry-context\1.53.0\opentelemetry-context-1.53.0.jar;C:\Users\2421305\.m2\repository\io\opentelemetry\opentelemetry-common\1.53.0\opentelemetry-common-1.53.0.jar;C:\Users\2421305\.m2\repository\io\opentelemetry\opentelemetry-exporter-logging\1.53.0\opentelemetry-exporter-logging-1.53.0.jar;C:\Users\2421305\.m2\repository\io\opentelemetry\opentelemetry-sdk-common\1.53.0\opentelemetry-sdk-common-1.53.0.jar;C:\Users\2421305\.m2\repository\io\opentelemetry\opentelemetry-sdk-extension-autoconfigure-spi\1.53.0\opentelemetry-sdk-extension-autoconfigure-spi-1.53.0.jar;C:\Users\2421305\.m2\repository\io\opentelemetry\opentelemetry-sdk-extension-autoconfigure\1.53.0\opentelemetry-sdk-extension-autoconfigure-1.53.0.jar;C:\Users\2421305\.m2\repository\io\opentelemetry\opentelemetry-sdk-trace\1.53.0\opentelemetry-sdk-trace-1.53.0.jar;C:\Users\2421305\.m2\repository\io\opentelemetry\opentelemetry-sdk\1.53.0\opentelemetry-sdk-1.53.0.jar;C:\Users\2421305\.m2\repository\io\opentelemetry\opentelemetry-sdk-metrics\1.53.0\opentelemetry-sdk-metrics-1.53.0.jar;C:\Users\2421305\.m2\repository\io\opentelemetry\opentelemetry-sdk-logs\1.53.0\opentelemetry-sdk-logs-1.53.0.jar;C:\Users\2421305\.m2\repository\net\bytebuddy\byte-buddy\1.17.6\byte-buddy-1.17.6.jar;C:\Users\2421305\.m2\repository\org\seleniumhq\selenium\selenium-os\4.35.0\selenium-os-4.35.0.jar;C:\Users\2421305\.m2\repository\org\apache\commons\commons-exec\1.5.0\commons-exec-1.5.0.jar;C:\Users\2421305\.m2\repository\org\seleniumhq\selenium\selenium-safari-driver\4.35.0\selenium-safari-driver-4.35.0.jar;C:\Users\2421305\.m2\repository\org\seleniumhq\selenium\selenium-support\4.35.0\selenium-support-4.35.0.jar;C:\Users\2421305\.m2\repository\org\apache\logging\log4j\log4j-core\2.23.1\log4j-core-2.23.1.jar;C:\Users\2421305\.m2\repository\org\testng\testng\7.11.0\testng-7.11.0.jar;C:\Users\2421305\.m2\repository\org\slf4j\slf4j-api\2.0.16\slf4j-api-2.0.16.jar;C:\Users\2421305\.m2\repository\org\jcommander\jcommander\1.83\jcommander-1.83.jar;C:\Users\2421305\.m2\repository\org\webjars\jquery\3.7.1\jquery-3.7.1.jar;C:\Users\2421305\.m2\repository\org\apache\poi\poi\5.4.1\poi-5.4.1.jar;C:\Users\2421305\.m2\repository\commons-codec\commons-codec\1.18.0\commons-codec-1.18.0.jar;C:\Users\2421305\.m2\repository\org\apache\commons\commons-collections4\4.4\commons-collections4-4.4.jar;C:\Users\2421305\.m2\repository\org\apache\commons\commons-math3\3.6.1\commons-math3-3.6.1.jar;C:\Users\2421305\.m2\repository\commons-io\commons-io\2.18.0\commons-io-2.18.0.jar;C:\Users\2421305\.m2\repository\com\zaxxer\SparseBitSet\1.3\SparseBitSet-1.3.jar;C:\Users\2421305\.m2\repository\org\apache\poi\poi-ooxml\5.4.1\poi-ooxml-5.4.1.jar;C:\Users\2421305\.m2\repository\org\apache\poi\poi-ooxml-lite\5.4.1\poi-ooxml-lite-5.4.1.jar;C:\Users\2421305\.m2\repository\org\apache\xmlbeans\xmlbeans\5.3.0\xmlbeans-5.3.0.jar;C:\Users\2421305\.m2\repository\org\apache\commons\commons-compress\1.27.1\commons-compress-1.27.1.jar;C:\Users\2421305\.m2\repository\com\github\virtuald\curvesapi\1.08\curvesapi-1.08.jar;C:\Users\2421305\.m2\repository\io\github\bonigarcia\webdrivermanager\6.2.0\webdrivermanager-6.2.0.jar;C:\Users\2421305\.m2\repository\com\github\docker-java\docker-java\3.5.3\docker-java-3.5.3.jar;C:\Users\2421305\.m2\repository\com\github\docker-java\docker-java-core\3.5.3\docker-java-core-3.5.3.jar;C:\Users\2421305\.m2\repository\com\github\docker-java\docker-java-api\3.5.3\docker-java-api-3.5.3.jar;C:\Users\2421305\.m2\repository\com\fasterxml\jackson\core\jackson-annotations\2.18.4\jackson-annotations-2.18.4.jar;C:\Users\2421305\.m2\repository\com\fasterxml\jackson\core\jackson-databind\2.18.4\jackson-databind-2.18.4.jar;C:\Users\2421305\.m2\repository\com\fasterxml\jackson\core\jackson-core\2.18.4\jackson-core-2.18.4.jar;C:\Users\2421305\.m2\repository\org\slf4j\jcl-over-slf4j\1.7.30\jcl-over-slf4j-1.7.30.jar;C:\Users\2421305\.m2\repository\com\github\docker-java\docker-java-transport-httpclient5\3.5.3\docker-java-transport-httpclient5-3.5.3.jar;C:\Users\2421305\.m2\repository\com\github\docker-java\docker-java-transport\3.5.3\docker-java-transport-3.5.3.jar;C:\Users\2421305\.m2\repository\net\java\dev\jna\jna\5.17.0\jna-5.17.0.jar;C:\Users\2421305\.m2\repository\org\brotli\dec\0.1.2\dec-0.1.2.jar;C:\Users\2421305\.m2\repository\org\apache\commons\commons-lang3\3.18.0\commons-lang3-3.18.0.jar;C:\Users\2421305\.m2\repository\org\apache\httpcomponents\client5\httpclient5\5.4.3\httpclient5-5.4.3.jar;C:\Users\2421305\.m2\repository\org\apache\httpcomponents\core5\httpcore5\5.3.4\httpcore5-5.3.4.jar;C:\Users\2421305\.m2\repository\org\apache\httpcomponents\core5\httpcore5-h2\5.3.4\httpcore5-h2-5.3.4.jar;C:\Users\2421305\.m2\repository\net\java\dev\jna\jna-platform\5.17.0\jna-platform-5.17.0.jar;C:\Users\2421305\.m2\repository\org\apache\logging\log4j\log4j-api\2.23.1\log4j-api-2.23.1.jar;C:\Users\2421305\.m2\repository\org\apache\logging\log4j\log4j-slf4j2-impl\2.23.1\log4j-slf4j2-impl-2.23.1.jar;C:\Users\2421305\.m2\repository\xerces\xercesImpl\2.12.2\xercesImpl-2.12.2.jar;C:\Users\2421305\.m2\repository\xml-apis\xml-apis\1.4.01\xml-apis-1.4.01.jar;C:\Users\2421305\.m2\repository\com\google\code\gson\gson\2.11.0\gson-2.11.0.jar;C:\Users\2421305\.m2\repository\com\google\errorprone\error_prone_annotations\2.27.0\error_prone_annotations-2.27.0.jar;C:\Users\2421305\.m2\repository\io\cucumber\cucumber-java\7.23.0\cucumber-java-7.23.0.jar;C:\Users\2421305\.m2\repository\io\cucumber\cucumber-core\7.23.0\cucumber-core-7.23.0.jar;C:\Users\2421305\.m2\repository\io\cucumber\cucumber-gherkin\7.23.0\cucumber-gherkin-7.23.0.jar;C:\Users\2421305\.m2\repository\io\cucumber\cucumber-gherkin-messages\7.23.0\cucumber-gherkin-messages-7.23.0.jar;C:\Users\2421305\.m2\repository\io\cucumber\gherkin\32.1.1\gherkin-32.1.1.jar;C:\Users\2421305\.m2\repository\io\cucumber\messages\27.2.0\messages-27.2.0.jar;C:\Users\2421305\.m2\repository\io\cucumber\testng-xml-formatter\0.3.1\testng-xml-formatter-0.3.1.jar;C:\Users\2421305\.m2\repository\io\cucumber\query\13.6.0\query-13.6.0.jar;C:\Users\2421305\.m2\repository\io\cucumber\tag-expressions\6.1.2\tag-expressions-6.1.2.jar;C:\Users\2421305\.m2\repository\io\cucumber\cucumber-expressions\18.0.1\cucumber-expressions-18.0.1.jar;C:\Users\2421305\.m2\repository\io\cucumber\datatable\7.23.0\datatable-7.23.0.jar;C:\Users\2421305\.m2\repository\io\cucumber\cucumber-plugin\7.23.0\cucumber-plugin-7.23.0.jar;C:\Users\2421305\.m2\repository\io\cucumber\docstring\7.23.0\docstring-7.23.0.jar;C:\Users\2421305\.m2\repository\io\cucumber\html-formatter\21.10.1\html-formatter-21.10.1.jar;C:\Users\2421305\.m2\repository\io\cucumber\junit-xml-formatter\0.7.1\junit-xml-formatter-0.7.1.jar;C:\Users\2421305\.m2\repository\io\cucumber\ci-environment\10.0.1\ci-environment-10.0.1.jar;C:\Users\2421305\.m2\repository\org\apiguardian\apiguardian-api\1.1.2\apiguardian-api-1.1.2.jar;C:\Users\2421305\.m2\repository\io\cucumber\cucumber-testng\7.23.0\cucumber-testng-7.23.0.jar;C:\Users\2421305\.m2\repository\io\cucumber\cucumber-junit\7.23.0\cucumber-junit-7.23.0.jar;C:\Users\2421305\.m2\repository\junit\junit\4.13.2\junit-4.13.2.jar;C:\Users\2421305\.m2\repository\org\hamcrest\hamcrest-core\1.3\hamcrest-core-1.3.jar;C:\Users\2421305\.m2\repository\io\qameta\allure\allure-cucumber7-jvm\2.29.0\allure-cucumber7-jvm-2.29.0.jar;C:\Users\2421305\.m2\repository\io\qameta\allure\allure-java-commons\2.29.0\allure-java-commons-2.29.0.jar;C:\Users\2421305\.m2\repository\io\qameta\allure\allure-model\2.29.0\allure-model-2.29.0.jar;C:\Users\2421305\.m2\repository\io\qameta\allure\allure-testng\2.29.0\allure-testng-2.29.0.jar;C:\Users\2421305\.m2\repository\io\qameta\allure\allure-test-filter\2.29.0\allure-test-filter-2.29.0.jar;"/>
    <property name="java.vm.vendor" value="Oracle Corporation"/>
    <property name="sun.arch.data.model" value="64"/>
    <property name="user.variant" value=""/>
    <property name="java.vendor.url" value="https://java.oracle.com/"/>
    <property name="user.timezone" value="Asia/Calcutta"/>
    <property name="user.country.format" value="001"/>
    <property name="os.name" value="Windows 11"/>
    <property name="java.vm.specification.version" value="21"/>
    <property name="sun.java.launcher" value="SUN_STANDARD"/>
    <property name="user.country" value="US"/>
    <property name="sun.boot.library.path" value="C:\Program Files\Java\jdk-21\bin"/>
    <property name="sun.java.command" value="C:\Users\2421305\AppData\Local\Temp\surefire2859995585312421204\surefirebooter-20250828115825519_3.jar C:\Users\2421305\AppData\Local\Temp\surefire2859995585312421204 2025-08-28T11-58-25_289-jvmRun1 surefire-20250828115825519_1tmp surefire_0-20250828115825519_2tmp"/>
    <property name="jdk.debug" value="release"/>
    <property name="surefire.test.class.path" value="C:\Users\2421305\eclipse-workspace\Emi\target\test-classes;C:\Users\2421305\eclipse-workspace\Emi\target\classes;C:\Users\2421305\.m2\repository\org\seleniumhq\selenium\selenium-java\4.35.0\selenium-java-4.35.0.jar;C:\Users\2421305\.m2\repository\org\seleniumhq\selenium\selenium-api\4.35.0\selenium-api-4.35.0.jar;C:\Users\2421305\.m2\repository\org\jspecify\jspecify\1.0.0\jspecify-1.0.0.jar;C:\Users\2421305\.m2\repository\org\seleniumhq\selenium\selenium-chrome-driver\4.35.0\selenium-chrome-driver-4.35.0.jar;C:\Users\2421305\.m2\repository\com\google\auto\service\auto-service-annotations\1.1.1\auto-service-annotations-1.1.1.jar;C:\Users\2421305\.m2\repository\org\seleniumhq\selenium\selenium-chromium-driver\4.35.0\selenium-chromium-driver-4.35.0.jar;C:\Users\2421305\.m2\repository\org\seleniumhq\selenium\selenium-json\4.35.0\selenium-json-4.35.0.jar;C:\Users\2421305\.m2\repository\org\seleniumhq\selenium\selenium-manager\4.35.0\selenium-manager-4.35.0.jar;C:\Users\2421305\.m2\repository\org\seleniumhq\selenium\selenium-devtools-v137\4.35.0\selenium-devtools-v137-4.35.0.jar;C:\Users\2421305\.m2\repository\org\seleniumhq\selenium\selenium-devtools-v138\4.35.0\selenium-devtools-v138-4.35.0.jar;C:\Users\2421305\.m2\repository\org\seleniumhq\selenium\selenium-devtools-v139\4.35.0\selenium-devtools-v139-4.35.0.jar;C:\Users\2421305\.m2\repository\org\seleniumhq\selenium\selenium-edge-driver\4.35.0\selenium-edge-driver-4.35.0.jar;C:\Users\2421305\.m2\repository\org\seleniumhq\selenium\selenium-firefox-driver\4.35.0\selenium-firefox-driver-4.35.0.jar;C:\Users\2421305\.m2\repository\org\seleniumhq\selenium\selenium-http\4.35.0\selenium-http-4.35.0.jar;C:\Users\2421305\.m2\repository\org\seleniumhq\selenium\selenium-ie-driver\4.35.0\selenium-ie-driver-4.35.0.jar;C:\Users\2421305\.m2\repository\org\seleniumhq\selenium\selenium-remote-driver\4.35.0\selenium-remote-driver-4.35.0.jar;C:\Users\2421305\.m2\repository\com\google\guava\guava\33.4.8-jre\guava-33.4.8-jre.jar;C:\Users\2421305\.m2\repository\com\google\guava\failureaccess\1.0.3\failureaccess-1.0.3.jar;C:\Users\2421305\.m2\repository\com\google\guava\listenablefuture\9999.0-empty-to-avoid-conflict-with-guava\listenablefuture-9999.0-empty-to-avoid-conflict-with-guava.jar;C:\Users\2421305\.m2\repository\com\google\j2objc\j2objc-annotations\3.0.0\j2objc-annotations-3.0.0.jar;C:\Users\2421305\.m2\repository\io\opentelemetry\opentelemetry-api\1.53.0\opentelemetry-api-1.53.0.jar;C:\Users\2421305\.m2\repository\io\opentelemetry\opentelemetry-context\1.53.0\opentelemetry-context-1.53.0.jar;C:\Users\2421305\.m2\repository\io\opentelemetry\opentelemetry-common\1.53.0\opentelemetry-common-1.53.0.jar;C:\Users\2421305\.m2\repository\io\opentelemetry\opentelemetry-exporter-logging\1.53.0\opentelemetry-exporter-logging-1.53.0.jar;C:\Users\2421305\.m2\repository\io\opentelemetry\opentelemetry-sdk-common\1.53.0\opentelemetry-sdk-common-1.53.0.jar;C:\Users\2421305\.m2\repository\io\opentelemetry\opentelemetry-sdk-extension-autoconfigure-spi\1.53.0\opentelemetry-sdk-extension-autoconfigure-spi-1.53.0.jar;C:\Users\2421305\.m2\repository\io\opentelemetry\opentelemetry-sdk-extension-autoconfigure\1.53.0\opentelemetry-sdk-extension-autoconfigure-1.53.0.jar;C:\Users\2421305\.m2\repository\io\opentelemetry\opentelemetry-sdk-trace\1.53.0\opentelemetry-sdk-trace-1.53.0.jar;C:\Users\2421305\.m2\repository\io\opentelemetry\opentelemetry-sdk\1.53.0\opentelemetry-sdk-1.53.0.jar;C:\Users\2421305\.m2\repository\io\opentelemetry\opentelemetry-sdk-metrics\1.53.0\opentelemetry-sdk-metrics-1.53.0.jar;C:\Users\2421305\.m2\repository\io\opentelemetry\opentelemetry-sdk-logs\1.53.0\opentelemetry-sdk-logs-1.53.0.jar;C:\Users\2421305\.m2\repository\net\bytebuddy\byte-buddy\1.17.6\byte-buddy-1.17.6.jar;C:\Users\2421305\.m2\repository\org\seleniumhq\selenium\selenium-os\4.35.0\selenium-os-4.35.0.jar;C:\Users\2421305\.m2\repository\org\apache\commons\commons-exec\1.5.0\commons-exec-1.5.0.jar;C:\Users\2421305\.m2\repository\org\seleniumhq\selenium\selenium-safari-driver\4.35.0\selenium-safari-driver-4.35.0.jar;C:\Users\2421305\.m2\repository\org\seleniumhq\selenium\selenium-support\4.35.0\selenium-support-4.35.0.jar;C:\Users\2421305\.m2\repository\org\apache\logging\log4j\log4j-core\2.23.1\log4j-core-2.23.1.jar;C:\Users\2421305\.m2\repository\org\testng\testng\7.11.0\testng-7.11.0.jar;C:\Users\2421305\.m2\repository\org\slf4j\slf4j-api\2.0.16\slf4j-api-2.0.16.jar;C:\Users\2421305\.m2\repository\org\jcommander\jcommander\1.83\jcommander-1.83.jar;C:\Users\2421305\.m2\repository\org\webjars\jquery\3.7.1\jquery-3.7.1.jar;C:\Users\2421305\.m2\repository\org\apache\poi\poi\5.4.1\poi-5.4.1.jar;C:\Users\2421305\.m2\repository\commons-codec\commons-codec\1.18.0\commons-codec-1.18.0.jar;C:\Users\2421305\.m2\repository\org\apache\commons\commons-collections4\4.4\commons-collections4-4.4.jar;C:\Users\2421305\.m2\repository\org\apache\commons\commons-math3\3.6.1\commons-math3-3.6.1.jar;C:\Users\2421305\.m2\repository\commons-io\commons-io\2.18.0\commons-io-2.18.0.jar;C:\Users\2421305\.m2\repository\com\zaxxer\SparseBitSet\1.3\SparseBitSet-1.3.jar;C:\Users\2421305\.m2\repository\org\apache\poi\poi-ooxml\5.4.1\poi-ooxml-5.4.1.jar;C:\Users\2421305\.m2\repository\org\apache\poi\poi-ooxml-lite\5.4.1\poi-ooxml-lite-5.4.1.jar;C:\Users\2421305\.m2\repository\org\apache\xmlbeans\xmlbeans\5.3.0\xmlbeans-5.3.0.jar;C:\Users\2421305\.m2\repository\org\apache\commons\commons-compress\1.27.1\commons-compress-1.27.1.jar;C:\Users\2421305\.m2\repository\com\github\virtuald\curvesapi\1.08\curvesapi-1.08.jar;C:\Users\2421305\.m2\repository\io\github\bonigarcia\webdrivermanager\6.2.0\webdrivermanager-6.2.0.jar;C:\Users\2421305\.m2\repository\com\github\docker-java\docker-java\3.5.3\docker-java-3.5.3.jar;C:\Users\2421305\.m2\repository\com\github\docker-java\docker-java-core\3.5.3\docker-java-core-3.5.3.jar;C:\Users\2421305\.m2\repository\com\github\docker-java\docker-java-api\3.5.3\docker-java-api-3.5.3.jar;C:\Users\2421305\.m2\repository\com\fasterxml\jackson\core\jackson-annotations\2.18.4\jackson-annotations-2.18.4.jar;C:\Users\2421305\.m2\repository\com\fasterxml\jackson\core\jackson-databind\2.18.4\jackson-databind-2.18.4.jar;C:\Users\2421305\.m2\repository\com\fasterxml\jackson\core\jackson-core\2.18.4\jackson-core-2.18.4.jar;C:\Users\2421305\.m2\repository\org\slf4j\jcl-over-slf4j\1.7.30\jcl-over-slf4j-1.7.30.jar;C:\Users\2421305\.m2\repository\com\github\docker-java\docker-java-transport-httpclient5\3.5.3\docker-java-transport-httpclient5-3.5.3.jar;C:\Users\2421305\.m2\repository\com\github\docker-java\docker-java-transport\3.5.3\docker-java-transport-3.5.3.jar;C:\Users\2421305\.m2\repository\net\java\dev\jna\jna\5.17.0\jna-5.17.0.jar;C:\Users\2421305\.m2\repository\org\brotli\dec\0.1.2\dec-0.1.2.jar;C:\Users\2421305\.m2\repository\org\apache\commons\commons-lang3\3.18.0\commons-lang3-3.18.0.jar;C:\Users\2421305\.m2\repository\org\apache\httpcomponents\client5\httpclient5\5.4.3\httpclient5-5.4.3.jar;C:\Users\2421305\.m2\repository\org\apache\httpcomponents\core5\httpcore5\5.3.4\httpcore5-5.3.4.jar;C:\Users\2421305\.m2\repository\org\apache\httpcomponents\core5\httpcore5-h2\5.3.4\httpcore5-h2-5.3.4.jar;C:\Users\2421305\.m2\repository\net\java\dev\jna\jna-platform\5.17.0\jna-platform-5.17.0.jar;C:\Users\2421305\.m2\repository\org\apache\logging\log4j\log4j-api\2.23.1\log4j-api-2.23.1.jar;C:\Users\2421305\.m2\repository\org\apache\logging\log4j\log4j-slf4j2-impl\2.23.1\log4j-slf4j2-impl-2.23.1.jar;C:\Users\2421305\.m2\repository\xerces\xercesImpl\2.12.2\xercesImpl-2.12.2.jar;C:\Users\2421305\.m2\repository\xml-apis\xml-apis\1.4.01\xml-apis-1.4.01.jar;C:\Users\2421305\.m2\repository\com\google\code\gson\gson\2.11.0\gson-2.11.0.jar;C:\Users\2421305\.m2\repository\com\google\errorprone\error_prone_annotations\2.27.0\error_prone_annotations-2.27.0.jar;C:\Users\2421305\.m2\repository\io\cucumber\cucumber-java\7.23.0\cucumber-java-7.23.0.jar;C:\Users\2421305\.m2\repository\io\cucumber\cucumber-core\7.23.0\cucumber-core-7.23.0.jar;C:\Users\2421305\.m2\repository\io\cucumber\cucumber-gherkin\7.23.0\cucumber-gherkin-7.23.0.jar;C:\Users\2421305\.m2\repository\io\cucumber\cucumber-gherkin-messages\7.23.0\cucumber-gherkin-messages-7.23.0.jar;C:\Users\2421305\.m2\repository\io\cucumber\gherkin\32.1.1\gherkin-32.1.1.jar;C:\Users\2421305\.m2\repository\io\cucumber\messages\27.2.0\messages-27.2.0.jar;C:\Users\2421305\.m2\repository\io\cucumber\testng-xml-formatter\0.3.1\testng-xml-formatter-0.3.1.jar;C:\Users\2421305\.m2\repository\io\cucumber\query\13.6.0\query-13.6.0.jar;C:\Users\2421305\.m2\repository\io\cucumber\tag-expressions\6.1.2\tag-expressions-6.1.2.jar;C:\Users\2421305\.m2\repository\io\cucumber\cucumber-expressions\18.0.1\cucumber-expressions-18.0.1.jar;C:\Users\2421305\.m2\repository\io\cucumber\datatable\7.23.0\datatable-7.23.0.jar;C:\Users\2421305\.m2\repository\io\cucumber\cucumber-plugin\7.23.0\cucumber-plugin-7.23.0.jar;C:\Users\2421305\.m2\repository\io\cucumber\docstring\7.23.0\docstring-7.23.0.jar;C:\Users\2421305\.m2\repository\io\cucumber\html-formatter\21.10.1\html-formatter-21.10.1.jar;C:\Users\2421305\.m2\repository\io\cucumber\junit-xml-formatter\0.7.1\junit-xml-formatter-0.7.1.jar;C:\Users\2421305\.m2\repository\io\cucumber\ci-environment\10.0.1\ci-environment-10.0.1.jar;C:\Users\2421305\.m2\repository\org\apiguardian\apiguardian-api\1.1.2\apiguardian-api-1.1.2.jar;C:\Users\2421305\.m2\repository\io\cucumber\cucumber-testng\7.23.0\cucumber-testng-7.23.0.jar;C:\Users\2421305\.m2\repository\io\cucumber\cucumber-junit\7.23.0\cucumber-junit-7.23.0.jar;C:\Users\2421305\.m2\repository\junit\junit\4.13.2\junit-4.13.2.jar;C:\Users\2421305\.m2\repository\org\hamcrest\hamcrest-core\1.3\hamcrest-core-1.3.jar;C:\Users\2421305\.m2\repository\io\qameta\allure\allure-cucumber7-jvm\2.29.0\allure-cucumber7-jvm-2.29.0.jar;C:\Users\2421305\.m2\repository\io\qameta\allure\allure-java-commons\2.29.0\allure-java-commons-2.29.0.jar;C:\Users\2421305\.m2\repository\io\qameta\allure\allure-model\2.29.0\allure-model-2.29.0.jar;C:\Users\2421305\.m2\repository\io\qameta\allure\allure-testng\2.29.0\allure-testng-2.29.0.jar;C:\Users\2421305\.m2\repository\io\qameta\allure\allure-test-filter\2.29.0\allure-test-filter-2.29.0.jar;"/>
    <property name="sun.cpu.endian" value="little"/>
    <property name="allure.results.directory" value="target/allure-results"/>
    <property name="user.home" value="C:\Users\2421305"/>
    <property name="user.language" value="en"/>
    <property name="java.specification.vendor" value="Oracle Corporation"/>
    <property name="java.version.date" value="2023-09-19"/>
    <property name="java.home" value="C:\Program Files\Java\jdk-21"/>
    <property name="file.separator" value="\"/>
    <property name="basedir" value="C:\Users\2421305\eclipse-workspace\Emi"/>
    <property name="style.color" value="always"/>
    <property name="java.vm.compressedOopsMode" value="Zero based"/>
    <property name="line.separator" value="&#10;"/>
    <property name="java.vm.specification.vendor" value="Oracle Corporation"/>
    <property name="java.specification.name" value="Java Platform API Specification"/>
    <property name="surefire.real.class.path" value="C:\Users\2421305\AppData\Local\Temp\surefire2859995585312421204\surefirebooter-20250828115825519_3.jar"/>
    <property name="user.script" value=""/>
    <property name="sun.management.compiler" value="HotSpot 64-Bit Tiered Compilers"/>
    <property name="java.runtime.version" value="21+35-LTS-2513"/>
    <property name="user.name" value="2421305"/>
    <property name="stdout.encoding" value="Cp1252"/>
    <property name="path.separator" value=";"/>
    <property name="os.version" value="10.0"/>
    <property name="java.runtime.name" value="Java(TM) SE Runtime Environment"/>
    <property name="file.encoding" value="UTF-8"/>
    <property name="java.vm.name" value="Java HotSpot(TM) 64-Bit Server VM"/>
    <property name="cucumber.publish.enabled" value="false"/>
    <property name="localRepository" value="C:\Users\2421305\.m2\repository"/>
    <property name="java.vendor.url.bug" value="https://bugreport.java.com/bugreport/"/>
    <property name="java.io.tmpdir" value="C:\Users\2421305\AppData\Local\Temp\"/>
    <property name="java.version" value="21"/>
    <property name="user.dir" value="C:\Users\2421305\eclipse-workspace\Emi"/>
    <property name="os.arch" value="amd64"/>
    <property name="java.vm.specification.name" value="Java Virtual Machine Specification"/>
    <property name="sun.os.patch.level" value=""/>
    <property name="native.encoding" value="Cp1252"/>
    <property name="java.library.path" value="C:\Program Files\Java\jdk-21\bin;C:\Windows\Sun\Java\bin;C:\Windows\system32;C:\Windows;C:/Eclipse IDE 2025-03 R/eclipse//plugins/org.eclipse.justj.openjdk.hotspot.jre.full.win32.x86_64_21.0.6.v20250130-0529/jre/bin/server;C:/Eclipse IDE 2025-03 R/eclipse//plugins/org.eclipse.justj.openjdk.hotspot.jre.full.win32.x86_64_21.0.6.v20250130-0529/jre/bin;C:\Program Files\Python313\Scripts\;C:\Program Files\Python313\;C:\Program Files\Common Files\Oracle\Java\javapath;C:\Windows\system32;C:\Windows;C:\Windows\System32\Wbem;C:\Windows\System32\WindowsPowerShell\v1.0\;C:\Windows\System32\OpenSSH\;C:\Program Files\nodejs\;C:\Program Files\Git\cmd;C:\Program Files\dotnet\;C:\Program Files\cursor\resources\app\bin;C:\Maven 3.9.9\apache-maven-3.9.9-bin\apache-maven-3.9.9\bin;C:\Program Files\MySQL\MySQL Shell 8.0\bin\;C:\Users\2421305\AppData\Local\Microsoft\WindowsApps;C:\Program Files\JetBrains\IntelliJ IDEA Community Edition 2024.3.5\bin;C:\Users\2421305\Downloads\allure-2.29.0\bin;;C:\Users\2421305\AppData\Local\Programs\Git\cmd;C:\Users\2421305\AppData\Local\Microsoft\WinGet\Packages\Gyan.FFmpeg_Microsoft.Winget.Source_8wekyb3d8bbwe\ffmpeg-7.1.1-full_build\bin;;C:\Eclipse IDE 2025-03 R\eclipse;;."/>
    <property name="java.vm.info" value="mixed mode, sharing"/>
    <property name="stderr.encoding" value="Cp1252"/>
    <property name="java.vendor" value="Oracle Corporation"/>
    <property name="java.vm.version" value="21+35-LTS-2513"/>
    <property name="sun.io.unicode.encoding" value="UnicodeLittle"/>
    <property name="java.class.version" value="65.0"/>
  </properties>
  <testcase name="runScenario[&quot;Calculate Car EMI for 1 year loan and verify first month breakdown&quot;, &quot;Car EMI calculation&quot;](1)" classname="com.emi.runners.CucumberTestRunner" time="17.251">
    <system-out><![CDATA[
@car @smoke @regression
Scenario: Calculate Car EMI for 1 year loan and verify first month breakdown &amp#27;[90m# src/test/resources/features/car_emi.feature:4&amp#27;[0m

@car @smoke @regression
Scenario: Calculate Car EMI for 1 year loan and verify first month breakdown &amp#27;[90m# src/test/resources/features/car_emi.feature:4&amp#27;[0m
11:58:28.675 [TestNG-tests-1] INFO  com.emi.base.DriverSetup - Initializing WebDriver for browser: edge
11:58:28.675 [TestNG-tests-2] INFO  com.emi.base.DriverSetup - Initializing WebDriver for browser: chrome
11:58:29.098 [TestNG-tests-2] INFO  io.github.bonigarcia.wdm.WebDriverManager - Using chromedriver 138.0.7204.183 (resolved driver for Chrome 138)
11:58:29.118 [TestNG-tests-2] INFO  io.github.bonigarcia.wdm.WebDriverManager - Exporting webdriver.chrome.driver as C:\Users\2421305\.cache\selenium\chromedriver\win64\138.0.7204.183\chromedriver.exe
11:58:33.118 [TestNG-tests-2] INFO  com.emi.utils.ConfigReader - Configuration properties loaded successfully
11:58:33.128 [TestNG-tests-2] INFO  com.emi.base.DriverSetup - WebDriver initialized successfully
11:58:33.128 [TestNG-tests-2] INFO  com.emi.base.DriverSetup - Navigating to application URL: https://emicalculator.net/
11:58:35.346 [TestNG-tests-1] INFO  com.emi.base.DriverSetup - WebDriver initialized successfully
11:58:35.346 [TestNG-tests-1] INFO  com.emi.base.DriverSetup - Navigating to application URL: https://emicalculator.net/
11:58:36.980 [TestNG-tests-2] INFO  com.emi.base.DriverSetup - Successfully navigated to application
  &amp#27;[32mGiven &amp#27;[0m&amp#27;[32mI launch the Car EMI Calculator application&amp#27;[0m                          &amp#27;[90m# com.emi.stepdefinitions.CarEmiSteps.i_launch_car_emi_app()&amp#27;[0m

    Embedding Calculate Car EMI for 1 year loan and verify first month breakdown [image/png 140265 bytes]

11:58:40.059 [TestNG-tests-1] INFO  com.emi.base.DriverSetup - Successfully navigated to application
  &amp#27;[32mGiven &amp#27;[0m&amp#27;[32mI launch the Car EMI Calculator application&amp#27;[0m                          &amp#27;[90m# com.emi.stepdefinitions.CarEmiSteps.i_launch_car_emi_app()&amp#27;[0m

    Embedding Calculate Car EMI for 1 year loan and verify first month breakdown [image/png 165107 bytes]

  &amp#27;[32mWhen &amp#27;[0m&amp#27;[32mI calculate Car EMI by reading date from file&amp#27;[0m                         &amp#27;[90m# com.emi.stepdefinitions.CarEmiSteps.i_calculate_car_emi()&amp#27;[0m

    Embedding Calculate Car EMI for 1 year loan and verify first month breakdown [image/png 94352 bytes]

11:58:41.416 [TestNG-tests-2] INFO  com.emi.pages.CarEmiCalculatorPage - 28,273 is the loan emi of car
  &amp#27;[32mThen &amp#27;[0m&amp#27;[32mI should see the EMI amount displayed&amp#27;[0m                                 &amp#27;[90m# com.emi.stepdefinitions.CarEmiSteps.i_get_emi_result()&amp#27;[0m

    Embedding Calculate Car EMI for 1 year loan and verify first month breakdown [image/png 99346 bytes]

11:58:41.881 [TestNG-tests-2] INFO  com.emi.pages.CarEmiCalculatorPage - Principle: ₹ 12,786 Interest: ₹ 15,488
  &amp#27;[32mAnd &amp#27;[0m&amp#27;[32mI should see the first month principal and interest breakdown&amp#27;[0m          &amp#27;[90m# com.emi.stepdefinitions.CarEmiSteps.i_should_see_the_first_month_principal_and_interest_breakdown()&amp#27;[0m

    Embedding Calculate Car EMI for 1 year loan and verify first month breakdown [image/png 119631 bytes]

11:58:42.043 [TestNG-tests-2] INFO  com.emi.base.DriverSetup - Closing browser and cleaning up resources
  &amp#27;[32mWhen &amp#27;[0m&amp#27;[32mI calculate Car EMI by reading date from file&amp#27;[0m                         &amp#27;[90m# com.emi.stepdefinitions.CarEmiSteps.i_calculate_car_emi()&amp#27;[0m

    Embedding Calculate Car EMI for 1 year loan and verify first month breakdown [image/png 163944 bytes]

11:58:44.247 [TestNG-tests-1] INFO  com.emi.pages.CarEmiCalculatorPage - 28,273 is the loan emi of car
  &amp#27;[32mThen &amp#27;[0m&amp#27;[32mI should see the EMI amount displayed&amp#27;[0m                                 &amp#27;[90m# com.emi.stepdefinitions.CarEmiSteps.i_get_emi_result()&amp#27;[0m

    Embedding Calculate Car EMI for 1 year loan and verify first month breakdown [image/png 113738 bytes]

11:58:44.713 [TestNG-tests-1] INFO  com.emi.pages.CarEmiCalculatorPage - Principle: ₹ 12,786 Interest: ₹ 15,488
  &amp#27;[32mAnd &amp#27;[0m&amp#27;[32mI should see the first month principal and interest breakdown&amp#27;[0m          &amp#27;[90m# com.emi.stepdefinitions.CarEmiSteps.i_should_see_the_first_month_principal_and_interest_breakdown()&amp#27;[0m

    Embedding Calculate Car EMI for 1 year loan and verify first month breakdown [image/png 126540 bytes]

11:58:44.928 [TestNG-tests-1] INFO  com.emi.base.DriverSetup - Closing browser and cleaning up resources
11:58:45.786 [TestNG-tests-2] INFO  com.emi.base.DriverSetup - Browser closed successfully
]]></system-out>
  </testcase>
  <testcase name="runScenario[&quot;Calculate Car EMI for 1 year loan and verify first month breakdown&quot;, &quot;Car EMI calculation&quot;](1)" classname="com.emi.runners.CucumberTestRunner" time="4.174">
    <system-out><![CDATA[
@loan @emi @functional @emi_calculator @smoke @regression @tc_fn_03
Scenario: TC-FN-03 Navigate to EMI Calculator tab and verify UI elements                &amp#27;[90m# src/test/resources/features/emi_calculator.feature:10&amp#27;[0m
11:58:45.810 [TestNG-tests-2] INFO  com.emi.base.DriverSetup - Initializing WebDriver for browser: chrome
11:58:45.825 [TestNG-tests-2] INFO  io.github.bonigarcia.wdm.WebDriverManager - Using chromedriver 138.0.7204.183 (resolved driver for Chrome 138)
11:58:45.835 [TestNG-tests-2] INFO  io.github.bonigarcia.wdm.WebDriverManager - Exporting webdriver.chrome.driver as C:\Users\2421305\.cache\selenium\chromedriver\win64\138.0.7204.183\chromedriver.exe
11:58:47.919 [TestNG-tests-2] INFO  com.emi.base.DriverSetup - WebDriver initialized successfully
11:58:47.919 [TestNG-tests-2] INFO  com.emi.base.DriverSetup - Navigating to application URL: https://emicalculator.net/
11:58:49.972 [TestNG-tests-1] INFO  com.emi.base.DriverSetup - Browser closed successfully
]]></system-out>
  </testcase>
  <testcase name="runScenario[&quot;TC-FN-03 Navigate to EMI Calculator tab and verify UI elements&quot;, &quot;EMI, Loan Amount, and Loan Tenure Calculator Validations&quot;](2)" classname="com.emi.runners.CucumberTestRunner" time="14.943">
    <system-out><![CDATA[
@loan @emi @functional @emi_calculator @smoke @regression @tc_fn_03
Scenario: TC-FN-03 Navigate to EMI Calculator tab and verify UI elements                &amp#27;[90m# src/test/resources/features/emi_calculator.feature:10&amp#27;[0m
11:58:49.984 [TestNG-tests-1] INFO  com.emi.base.DriverSetup - Initializing WebDriver for browser: edge
11:58:51.981 [TestNG-tests-2] INFO  com.emi.base.DriverSetup - Successfully navigated to application
  &amp#27;[32mGiven &amp#27;[0m&amp#27;[32mI am on the EMI Calculator page&amp#27;[0m                                                 &amp#27;[90m# com.emi.stepdefinitions.LoanCalculatorSteps.i_am_on_the_emi_calculator_page()&amp#27;[0m

    Embedding TC-FN-03 Navigate to EMI Calculator tab and verify UI elements [image/png 187419 bytes]

11:58:54.148 [TestNG-tests-1] INFO  com.emi.base.DriverSetup - WebDriver initialized successfully
11:58:54.149 [TestNG-tests-1] INFO  com.emi.base.DriverSetup - Navigating to application URL: https://emicalculator.net/
  &amp#27;[32mWhen &amp#27;[0m&amp#27;[32mI navigate to the EMI Calculator tab&amp#27;[0m                                             &amp#27;[90m# com.emi.stepdefinitions.LoanCalculatorSteps.i_navigate_to_the_emi_calculator_tab()&amp#27;[0m

    Embedding TC-FN-03 Navigate to EMI Calculator tab and verify UI elements [image/png 187365 bytes]

11:58:56.337 [TestNG-tests-1] INFO  com.emi.base.DriverSetup - Successfully navigated to application
11:58:57.080 [TestNG-tests-2] INFO  com.emi.pages.LoanCalculatorPage - Loan Amount field set/read. Skipping equality validation due to dynamic behavior
  &amp#27;[32mGiven &amp#27;[0m&amp#27;[32mI am on the EMI Calculator page&amp#27;[0m                                                 &amp#27;[90m# com.emi.stepdefinitions.LoanCalculatorSteps.i_am_on_the_emi_calculator_page()&amp#27;[0m

    Embedding TC-FN-03 Navigate to EMI Calculator tab and verify UI elements [image/png 210418 bytes]

11:58:58.609 [TestNG-tests-2] INFO  com.emi.pages.LoanCalculatorPage - Interest Rate field validation passed
  &amp#27;[32mWhen &amp#27;[0m&amp#27;[32mI navigate to the EMI Calculator tab&amp#27;[0m                                             &amp#27;[90m# com.emi.stepdefinitions.LoanCalculatorSteps.i_navigate_to_the_emi_calculator_tab()&amp#27;[0m

    Embedding TC-FN-03 Navigate to EMI Calculator tab and verify UI elements [image/png 210418 bytes]

11:59:00.185 [TestNG-tests-2] INFO  com.emi.pages.LoanCalculatorPage - Loan Term field validation passed
11:59:01.507 [TestNG-tests-1] INFO  com.emi.pages.LoanCalculatorPage - Loan Amount field set/read. Skipping equality validation due to dynamic behavior
11:59:01.750 [TestNG-tests-2] INFO  com.emi.pages.LoanCalculatorPage - Fees & Charge field validation passed
  &amp#27;[32mAnd &amp#27;[0m&amp#27;[32mI enter loan details in emi calculator&amp#27;[0m                                            &amp#27;[90m# com.emi.stepdefinitions.LoanCalculatorSteps.i_enter_loan_details()&amp#27;[0m

    Embedding TC-FN-03 Navigate to EMI Calculator tab and verify UI elements [image/png 123594 bytes]

true true true true
  &amp#27;[32mThen &amp#27;[0m&amp#27;[32mall UI elements such as text boxes and controls should be visible and functional&amp#27;[0m &amp#27;[90m# com.emi.stepdefinitions.LoanCalculatorSteps.all_ui_elements_visible_and_functional()&amp#27;[0m

    Embedding TC-FN-03 Navigate to EMI Calculator tab and verify UI elements [image/png 123594 bytes]

11:59:02.203 [TestNG-tests-2] INFO  com.emi.base.DriverSetup - Closing browser and cleaning up resources
11:59:03.071 [TestNG-tests-1] INFO  com.emi.pages.LoanCalculatorPage - Interest Rate field validation passed
11:59:04.553 [TestNG-tests-1] INFO  com.emi.pages.LoanCalculatorPage - Loan Term field validation passed
11:59:04.916 [TestNG-tests-2] INFO  com.emi.base.DriverSetup - Browser closed successfully
]]></system-out>
  </testcase>
  <testcase name="runScenario[&quot;TC-FN-03 Navigate to EMI Calculator tab and verify UI elements&quot;, &quot;EMI, Loan Amount, and Loan Tenure Calculator Validations&quot;](2)" classname="com.emi.runners.CucumberTestRunner" time="6.207">
    <system-out><![CDATA[
@loan @emi @functional @emi_calculator @smoke @regression @tc_fn_04
Scenario: TC-FN-04 Change Loan Tenure from years to months and verify scale adjustment &amp#27;[90m# src/test/resources/features/emi_calculator.feature:16&amp#27;[0m
11:59:04.921 [TestNG-tests-2] INFO  com.emi.base.DriverSetup - Initializing WebDriver for browser: chrome
11:59:04.931 [TestNG-tests-2] INFO  io.github.bonigarcia.wdm.WebDriverManager - Using chromedriver 138.0.7204.183 (resolved driver for Chrome 138)
11:59:04.949 [TestNG-tests-2] INFO  io.github.bonigarcia.wdm.WebDriverManager - Exporting webdriver.chrome.driver as C:\Users\2421305\.cache\selenium\chromedriver\win64\138.0.7204.183\chromedriver.exe
11:59:06.060 [TestNG-tests-1] INFO  com.emi.pages.LoanCalculatorPage - Fees & Charge field validation passed
  &amp#27;[32mAnd &amp#27;[0m&amp#27;[32mI enter loan details in emi calculator&amp#27;[0m                                            &amp#27;[90m# com.emi.stepdefinitions.LoanCalculatorSteps.i_enter_loan_details()&amp#27;[0m

    Embedding TC-FN-03 Navigate to EMI Calculator tab and verify UI elements [image/png 142299 bytes]

true true true true
  &amp#27;[32mThen &amp#27;[0m&amp#27;[32mall UI elements such as text boxes and controls should be visible and functional&amp#27;[0m &amp#27;[90m# com.emi.stepdefinitions.LoanCalculatorSteps.all_ui_elements_visible_and_functional()&amp#27;[0m
11:59:06.624 [TestNG-tests-2] INFO  com.emi.base.DriverSetup - WebDriver initialized successfully
11:59:06.625 [TestNG-tests-2] INFO  com.emi.base.DriverSetup - Navigating to application URL: https://emicalculator.net/

    Embedding TC-FN-03 Navigate to EMI Calculator tab and verify UI elements [image/png 142299 bytes]

11:59:06.682 [TestNG-tests-1] INFO  com.emi.base.DriverSetup - Closing browser and cleaning up resources
11:59:08.843 [TestNG-tests-2] INFO  com.emi.base.DriverSetup - Successfully navigated to application
  &amp#27;[32mGiven &amp#27;[0m&amp#27;[32mI am on the EMI Calculator page&amp#27;[0m                                                &amp#27;[90m# com.emi.stepdefinitions.LoanCalculatorSteps.i_am_on_the_emi_calculator_page()&amp#27;[0m

    Embedding TC-FN-04 Change Loan Tenure from years to months and verify scale adjustment [image/png 186747 bytes]

11:59:11.121 [TestNG-tests-1] INFO  com.emi.base.DriverSetup - Browser closed successfully
]]></system-out>
  </testcase>
  <testcase name="runScenario[&quot;TC-FN-04 Change Loan Tenure from years to months and verify scale adjustment&quot;, &quot;EMI, Loan Amount, and Loan Tenure Calculator Validations&quot;](3)" classname="com.emi.runners.CucumberTestRunner" time="5.576">
    <system-out><![CDATA[
@loan @emi @functional @emi_calculator @smoke @regression @tc_fn_04
Scenario: TC-FN-04 Change Loan Tenure from years to months and verify scale adjustment &amp#27;[90m# src/test/resources/features/emi_calculator.feature:16&amp#27;[0m
11:59:11.130 [TestNG-tests-1] INFO  com.emi.base.DriverSetup - Initializing WebDriver for browser: edge
11:59:11.949 [TestNG-tests-2] INFO  com.emi.pages.LoanCalculatorPage - Tenure type validation passed. Year value: 5, Month value: 60
  &amp#27;[32mWhen &amp#27;[0m&amp#27;[32mI toggle the loan tenure type between years and months&amp#27;[0m                          &amp#27;[90m# com.emi.stepdefinitions.LoanCalculatorSteps.i_toggle_the_loan_tenure_type_between_years_and_months()&amp#27;[0m

    Embedding TC-FN-04 Change Loan Tenure from years to months and verify scale adjustment [image/png 114899 bytes]

  &amp#27;[32mThen &amp#27;[0m&amp#27;[32mthe tenure type should be updated accordingly&amp#27;[0m                                   &amp#27;[90m# com.emi.stepdefinitions.LoanCalculatorSteps.the_tenure_type_should_be_updated_accordingly()&amp#27;[0m

    Embedding TC-FN-04 Change Loan Tenure from years to months and verify scale adjustment [image/png 114788 bytes]

11:59:12.260 [TestNG-tests-2] INFO  com.emi.base.DriverSetup - Closing browser and cleaning up resources
11:59:14.502 [TestNG-tests-1] INFO  com.emi.base.DriverSetup - WebDriver initialized successfully
11:59:14.502 [TestNG-tests-1] INFO  com.emi.base.DriverSetup - Navigating to application URL: https://emicalculator.net/
11:59:16.564 [TestNG-tests-1] INFO  com.emi.base.DriverSetup - Successfully navigated to application
11:59:16.693 [TestNG-tests-2] INFO  com.emi.base.DriverSetup - Browser closed successfully
]]></system-out>
  </testcase>
  <testcase name="runScenario[&quot;TC-FN-04 Change Loan Tenure from years to months and verify scale adjustment&quot;, &quot;EMI, Loan Amount, and Loan Tenure Calculator Validations&quot;](3)" classname="com.emi.runners.CucumberTestRunner" time="7.164">
    <system-out><![CDATA[
@loan @emi @functional @loan_amount @regression @tc_fn_05
Scenario: TC-FN-05 Navigate to Loan Amount Calculator tab and verify UI elements        &amp#27;[90m# src/test/resources/features/emi_calculator.feature:21&amp#27;[0m
11:59:16.716 [TestNG-tests-2] INFO  com.emi.base.DriverSetup - Initializing WebDriver for browser: chrome
11:59:16.742 [TestNG-tests-2] INFO  io.github.bonigarcia.wdm.WebDriverManager - Using chromedriver 138.0.7204.183 (resolved driver for Chrome 138)
11:59:16.757 [TestNG-tests-2] INFO  io.github.bonigarcia.wdm.WebDriverManager - Exporting webdriver.chrome.driver as C:\Users\2421305\.cache\selenium\chromedriver\win64\138.0.7204.183\chromedriver.exe
  &amp#27;[32mGiven &amp#27;[0m&amp#27;[32mI am on the EMI Calculator page&amp#27;[0m                                                &amp#27;[90m# com.emi.stepdefinitions.LoanCalculatorSteps.i_am_on_the_emi_calculator_page()&amp#27;[0m

    Embedding TC-FN-04 Change Loan Tenure from years to months and verify scale adjustment [image/png 210504 bytes]

11:59:18.822 [TestNG-tests-2] INFO  com.emi.base.DriverSetup - WebDriver initialized successfully
11:59:18.822 [TestNG-tests-2] INFO  com.emi.base.DriverSetup - Navigating to application URL: https://emicalculator.net/
11:59:19.795 [TestNG-tests-1] INFO  com.emi.pages.LoanCalculatorPage - Tenure type validation passed. Year value: 5, Month value: 60
  &amp#27;[32mWhen &amp#27;[0m&amp#27;[32mI toggle the loan tenure type between years and months&amp#27;[0m                          &amp#27;[90m# com.emi.stepdefinitions.LoanCalculatorSteps.i_toggle_the_loan_tenure_type_between_years_and_months()&amp#27;[0m

    Embedding TC-FN-04 Change Loan Tenure from years to months and verify scale adjustment [image/png 138870 bytes]

  &amp#27;[32mThen &amp#27;[0m&amp#27;[32mthe tenure type should be updated accordingly&amp#27;[0m                                   &amp#27;[90m# com.emi.stepdefinitions.LoanCalculatorSteps.the_tenure_type_should_be_updated_accordingly()&amp#27;[0m

    Embedding TC-FN-04 Change Loan Tenure from years to months and verify scale adjustment [image/png 138725 bytes]

11:59:20.168 [TestNG-tests-1] INFO  com.emi.base.DriverSetup - Closing browser and cleaning up resources
11:59:20.978 [TestNG-tests-2] INFO  com.emi.base.DriverSetup - Successfully navigated to application
  &amp#27;[32mGiven &amp#27;[0m&amp#27;[32mI am on the EMI Calculator page&amp#27;[0m                                                 &amp#27;[90m# com.emi.stepdefinitions.LoanCalculatorSteps.i_am_on_the_emi_calculator_page()&amp#27;[0m

    Embedding TC-FN-05 Navigate to Loan Amount Calculator tab and verify UI elements [image/png 187365 bytes]

  &amp#27;[32mWhen &amp#27;[0m&amp#27;[32mI navigate to the Loan Amount Calculator tab&amp#27;[0m                                     &amp#27;[90m# com.emi.stepdefinitions.LoanCalculatorSteps.i_navigate_to_the_loan_amount_calculator_tab()&amp#27;[0m

    Embedding TC-FN-05 Navigate to Loan Amount Calculator tab and verify UI elements [image/png 186103 bytes]

11:59:23.863 [TestNG-tests-1] INFO  com.emi.base.DriverSetup - Browser closed successfully
]]></system-out>
  </testcase>
  <testcase name="runScenario[&quot;TC-FN-05 Navigate to Loan Amount Calculator tab and verify UI elements&quot;, &quot;EMI, Loan Amount, and Loan Tenure Calculator Validations&quot;](4)" classname="com.emi.runners.CucumberTestRunner" time="8.785">
    <system-out><![CDATA[
@loan @emi @functional @loan_amount @regression @tc_fn_05
Scenario: TC-FN-05 Navigate to Loan Amount Calculator tab and verify UI elements        &amp#27;[90m# src/test/resources/features/emi_calculator.feature:21&amp#27;[0m
11:59:23.877 [TestNG-tests-1] INFO  com.emi.base.DriverSetup - Initializing WebDriver for browser: edge
11:59:24.491 [TestNG-tests-2] INFO  com.emi.pages.LoanCalculatorPage - EMI field set/read. Skipping equality validation due to dynamic behavior
11:59:26.047 [TestNG-tests-2] INFO  com.emi.pages.LoanCalculatorPage - Interest Rate field validation passed
11:59:27.490 [TestNG-tests-1] INFO  com.emi.base.DriverSetup - WebDriver initialized successfully
11:59:27.491 [TestNG-tests-1] INFO  com.emi.base.DriverSetup - Navigating to application URL: https://emicalculator.net/
11:59:27.616 [TestNG-tests-2] INFO  com.emi.pages.LoanCalculatorPage - Loan Term field validation passed
11:59:29.126 [TestNG-tests-2] INFO  com.emi.pages.LoanCalculatorPage - Fees & Charge field validation passed
  &amp#27;[32mAnd &amp#27;[0m&amp#27;[32mI enter EMI details in loan amount&amp#27;[0m                                                &amp#27;[90m# com.emi.stepdefinitions.LoanCalculatorSteps.i_enter_emi_details()&amp#27;[0m

    Embedding TC-FN-05 Navigate to Loan Amount Calculator tab and verify UI elements [image/png 120180 bytes]

true true true true
  &amp#27;[32mThen &amp#27;[0m&amp#27;[32mall UI elements such as text boxes and controls should be visible and functional&amp#27;[0m &amp#27;[90m# com.emi.stepdefinitions.LoanCalculatorSteps.all_ui_elements_visible_and_functional()&amp#27;[0m

    Embedding TC-FN-05 Navigate to Loan Amount Calculator tab and verify UI elements [image/png 120180 bytes]

11:59:29.577 [TestNG-tests-2] INFO  com.emi.base.DriverSetup - Closing browser and cleaning up resources
11:59:29.628 [TestNG-tests-1] INFO  com.emi.base.DriverSetup - Successfully navigated to application
  &amp#27;[32mGiven &amp#27;[0m&amp#27;[32mI am on the EMI Calculator page&amp#27;[0m                                                 &amp#27;[90m# com.emi.stepdefinitions.LoanCalculatorSteps.i_am_on_the_emi_calculator_page()&amp#27;[0m

    Embedding TC-FN-05 Navigate to Loan Amount Calculator tab and verify UI elements [image/png 210418 bytes]

  &amp#27;[32mWhen &amp#27;[0m&amp#27;[32mI navigate to the Loan Amount Calculator tab&amp#27;[0m                                     &amp#27;[90m# com.emi.stepdefinitions.LoanCalculatorSteps.i_navigate_to_the_loan_amount_calculator_tab()&amp#27;[0m

    Embedding TC-FN-05 Navigate to Loan Amount Calculator tab and verify UI elements [image/png 208396 bytes]

11:59:32.647 [TestNG-tests-2] INFO  com.emi.base.DriverSetup - Browser closed successfully
]]></system-out>
  </testcase>
  <testcase name="runScenario[&quot;TC-FN-05 Navigate to Loan Amount Calculator tab and verify UI elements&quot;, &quot;EMI, Loan Amount, and Loan Tenure Calculator Validations&quot;](4)" classname="com.emi.runners.CucumberTestRunner" time="9.676">
    <system-out><![CDATA[
@loan @emi @functional @loan_amount @regression @tc_fn_06
Scenario: TC-FN-06 Change Loan Tenure from years to months and verify scale adjustment &amp#27;[90m# src/test/resources/features/emi_calculator.feature:27&amp#27;[0m
11:59:32.656 [TestNG-tests-2] INFO  com.emi.base.DriverSetup - Initializing WebDriver for browser: chrome
11:59:32.670 [TestNG-tests-2] INFO  io.github.bonigarcia.wdm.WebDriverManager - Using chromedriver 138.0.7204.183 (resolved driver for Chrome 138)
11:59:32.684 [TestNG-tests-2] INFO  io.github.bonigarcia.wdm.WebDriverManager - Exporting webdriver.chrome.driver as C:\Users\2421305\.cache\selenium\chromedriver\win64\138.0.7204.183\chromedriver.exe
11:59:33.549 [TestNG-tests-1] INFO  com.emi.pages.LoanCalculatorPage - EMI field set/read. Skipping equality validation due to dynamic behavior
11:59:34.880 [TestNG-tests-2] INFO  com.emi.base.DriverSetup - WebDriver initialized successfully
11:59:34.880 [TestNG-tests-2] INFO  com.emi.base.DriverSetup - Navigating to application URL: https://emicalculator.net/
11:59:35.212 [TestNG-tests-1] INFO  com.emi.pages.LoanCalculatorPage - Interest Rate field validation passed
11:59:36.980 [TestNG-tests-1] INFO  com.emi.pages.LoanCalculatorPage - Loan Term field validation passed
11:59:37.575 [TestNG-tests-2] INFO  com.emi.base.DriverSetup - Successfully navigated to application
11:59:38.500 [TestNG-tests-1] INFO  com.emi.pages.LoanCalculatorPage - Fees & Charge field validation passed
  &amp#27;[32mAnd &amp#27;[0m&amp#27;[32mI enter EMI details in loan amount&amp#27;[0m                                                &amp#27;[90m# com.emi.stepdefinitions.LoanCalculatorSteps.i_enter_emi_details()&amp#27;[0m

    Embedding TC-FN-05 Navigate to Loan Amount Calculator tab and verify UI elements [image/png 139282 bytes]

true true true true
  &amp#27;[32mThen &amp#27;[0m&amp#27;[32mall UI elements such as text boxes and controls should be visible and functional&amp#27;[0m &amp#27;[90m# com.emi.stepdefinitions.LoanCalculatorSteps.all_ui_elements_visible_and_functional()&amp#27;[0m

    Embedding TC-FN-05 Navigate to Loan Amount Calculator tab and verify UI elements [image/png 139282 bytes]

11:59:39.053 [TestNG-tests-1] INFO  com.emi.base.DriverSetup - Closing browser and cleaning up resources
  &amp#27;[32mGiven &amp#27;[0m&amp#27;[32mI am on the EMI Calculator page&amp#27;[0m                                                &amp#27;[90m# com.emi.stepdefinitions.LoanCalculatorSteps.i_am_on_the_emi_calculator_page()&amp#27;[0m

    Embedding TC-FN-06 Change Loan Tenure from years to months and verify scale adjustment [image/png 187365 bytes]

11:59:40.650 [TestNG-tests-2] INFO  com.emi.pages.LoanCalculatorPage - Tenure type validation passed. Year value: 5, Month value: 60
  &amp#27;[32mWhen &amp#27;[0m&amp#27;[32mI toggle the loan tenure type between years and months&amp#27;[0m                          &amp#27;[90m# com.emi.stepdefinitions.LoanCalculatorSteps.i_toggle_the_loan_tenure_type_between_years_and_months()&amp#27;[0m

    Embedding TC-FN-06 Change Loan Tenure from years to months and verify scale adjustment [image/png 115002 bytes]

  &amp#27;[32mThen &amp#27;[0m&amp#27;[32mthe tenure type should be updated accordingly&amp#27;[0m                                   &amp#27;[90m# com.emi.stepdefinitions.LoanCalculatorSteps.the_tenure_type_should_be_updated_accordingly()&amp#27;[0m

    Embedding TC-FN-06 Change Loan Tenure from years to months and verify scale adjustment [image/png 114788 bytes]

11:59:41.029 [TestNG-tests-2] INFO  com.emi.base.DriverSetup - Closing browser and cleaning up resources
11:59:42.328 [TestNG-tests-1] INFO  com.emi.base.DriverSetup - Browser closed successfully
]]></system-out>
  </testcase>
  <testcase name="runScenario[&quot;TC-FN-06 Change Loan Tenure from years to months and verify scale adjustment&quot;, &quot;EMI, Loan Amount, and Loan Tenure Calculator Validations&quot;](5)" classname="com.emi.runners.CucumberTestRunner" time="2.094">
    <system-out><![CDATA[
@loan @emi @functional @loan_amount @regression @tc_fn_06
Scenario: TC-FN-06 Change Loan Tenure from years to months and verify scale adjustment &amp#27;[90m# src/test/resources/features/emi_calculator.feature:27&amp#27;[0m
11:59:42.338 [TestNG-tests-1] INFO  com.emi.base.DriverSetup - Initializing WebDriver for browser: edge
11:59:44.421 [TestNG-tests-2] INFO  com.emi.base.DriverSetup - Browser closed successfully
]]></system-out>
  </testcase>
  <testcase name="runScenario[&quot;TC-FN-06 Change Loan Tenure from years to months and verify scale adjustment&quot;, &quot;EMI, Loan Amount, and Loan Tenure Calculator Validations&quot;](5)" classname="com.emi.runners.CucumberTestRunner" time="10.593">
    <system-out><![CDATA[
@loan @emi @functional @loan_tenure @regression @tc_fn_07
Scenario: TC-FN-07 Navigate to Loan Tenure Calculator tab and verify UI elements        &amp#27;[90m# src/test/resources/features/emi_calculator.feature:32&amp#27;[0m
11:59:44.430 [TestNG-tests-2] INFO  com.emi.base.DriverSetup - Initializing WebDriver for browser: chrome
11:59:44.442 [TestNG-tests-2] INFO  io.github.bonigarcia.wdm.WebDriverManager - Using chromedriver 138.0.7204.183 (resolved driver for Chrome 138)
11:59:44.449 [TestNG-tests-2] INFO  io.github.bonigarcia.wdm.WebDriverManager - Exporting webdriver.chrome.driver as C:\Users\2421305\.cache\selenium\chromedriver\win64\138.0.7204.183\chromedriver.exe
11:59:46.179 [TestNG-tests-1] INFO  com.emi.base.DriverSetup - WebDriver initialized successfully
11:59:46.179 [TestNG-tests-1] INFO  com.emi.base.DriverSetup - Navigating to application URL: https://emicalculator.net/
11:59:48.398 [TestNG-tests-1] INFO  com.emi.base.DriverSetup - Successfully navigated to application
11:59:49.155 [TestNG-tests-2] INFO  com.emi.base.DriverSetup - WebDriver initialized successfully
11:59:49.155 [TestNG-tests-2] INFO  com.emi.base.DriverSetup - Navigating to application URL: https://emicalculator.net/
  &amp#27;[32mGiven &amp#27;[0m&amp#27;[32mI am on the EMI Calculator page&amp#27;[0m                                                &amp#27;[90m# com.emi.stepdefinitions.LoanCalculatorSteps.i_am_on_the_emi_calculator_page()&amp#27;[0m

    Embedding TC-FN-06 Change Loan Tenure from years to months and verify scale adjustment [image/png 210504 bytes]

11:59:51.340 [TestNG-tests-2] INFO  com.emi.base.DriverSetup - Successfully navigated to application
11:59:51.606 [TestNG-tests-1] INFO  com.emi.pages.LoanCalculatorPage - Tenure type validation passed. Year value: 5, Month value: 60
  &amp#27;[32mWhen &amp#27;[0m&amp#27;[32mI toggle the loan tenure type between years and months&amp#27;[0m                          &amp#27;[90m# com.emi.stepdefinitions.LoanCalculatorSteps.i_toggle_the_loan_tenure_type_between_years_and_months()&amp#27;[0m

    Embedding TC-FN-06 Change Loan Tenure from years to months and verify scale adjustment [image/png 138885 bytes]

  &amp#27;[32mThen &amp#27;[0m&amp#27;[32mthe tenure type should be updated accordingly&amp#27;[0m                                   &amp#27;[90m# com.emi.stepdefinitions.LoanCalculatorSteps.the_tenure_type_should_be_updated_accordingly()&amp#27;[0m

    Embedding TC-FN-06 Change Loan Tenure from years to months and verify scale adjustment [image/png 138725 bytes]

11:59:51.952 [TestNG-tests-1] INFO  com.emi.base.DriverSetup - Closing browser and cleaning up resources
  &amp#27;[32mGiven &amp#27;[0m&amp#27;[32mI am on the EMI Calculator page&amp#27;[0m                                                 &amp#27;[90m# com.emi.stepdefinitions.LoanCalculatorSteps.i_am_on_the_emi_calculator_page()&amp#27;[0m

    Embedding TC-FN-07 Navigate to Loan Tenure Calculator tab and verify UI elements [image/png 187365 bytes]

  &amp#27;[32mWhen &amp#27;[0m&amp#27;[32mI navigate to the Loan Tenure Calculator tab&amp#27;[0m                                     &amp#27;[90m# com.emi.stepdefinitions.LoanCalculatorSteps.i_navigate_to_the_loan_tenure_calculator_tab()&amp#27;[0m

    Embedding TC-FN-07 Navigate to Loan Tenure Calculator tab and verify UI elements [image/png 187800 bytes]

11:59:54.794 [TestNG-tests-2] INFO  com.emi.pages.LoanCalculatorPage - Loan Amount field set/read. Skipping equality validation due to dynamic behavior
11:59:55.005 [TestNG-tests-1] INFO  com.emi.base.DriverSetup - Browser closed successfully
]]></system-out>
  </testcase>
  <testcase name="runScenario[&quot;TC-FN-07 Navigate to Loan Tenure Calculator tab and verify UI elements&quot;, &quot;EMI, Loan Amount, and Loan Tenure Calculator Validations&quot;](6)" classname="com.emi.runners.CucumberTestRunner" time="8.467">
    <system-out><![CDATA[
@loan @emi @functional @loan_tenure @regression @tc_fn_07
Scenario: TC-FN-07 Navigate to Loan Tenure Calculator tab and verify UI elements        &amp#27;[90m# src/test/resources/features/emi_calculator.feature:32&amp#27;[0m
11:59:55.034 [TestNG-tests-1] INFO  com.emi.base.DriverSetup - Initializing WebDriver for browser: edge
11:59:56.302 [TestNG-tests-2] INFO  com.emi.pages.LoanCalculatorPage - EMI field set/read. Skipping equality validation due to dynamic behavior
11:59:58.023 [TestNG-tests-2] INFO  com.emi.pages.LoanCalculatorPage - Interest Rate field validation passed
11:59:58.579 [TestNG-tests-1] INFO  com.emi.base.DriverSetup - WebDriver initialized successfully
11:59:58.580 [TestNG-tests-1] INFO  com.emi.base.DriverSetup - Navigating to application URL: https://emicalculator.net/
11:59:59.605 [TestNG-tests-2] INFO  com.emi.pages.LoanCalculatorPage - Fees & Charge field validation passed
  &amp#27;[32mAnd &amp#27;[0m&amp#27;[32mI enter EMI details in loan tenure&amp#27;[0m                                                &amp#27;[90m# com.emi.stepdefinitions.LoanCalculatorSteps.i_enter_loan_tenure_calculator_details()&amp#27;[0m

    Embedding TC-FN-07 Navigate to Loan Tenure Calculator tab and verify UI elements [image/png 122233 bytes]

true true true true
  &amp#27;[32mThen &amp#27;[0m&amp#27;[32mall UI elements such as text boxes and controls should be visible and functional&amp#27;[0m &amp#27;[90m# com.emi.stepdefinitions.LoanCalculatorSteps.all_ui_elements_visible_and_functional()&amp#27;[0m

    Embedding TC-FN-07 Navigate to Loan Tenure Calculator tab and verify UI elements [image/png 122233 bytes]

12:00:00.048 [TestNG-tests-2] INFO  com.emi.base.DriverSetup - Closing browser and cleaning up resources
12:00:00.670 [TestNG-tests-1] INFO  com.emi.base.DriverSetup - Successfully navigated to application
  &amp#27;[32mGiven &amp#27;[0m&amp#27;[32mI am on the EMI Calculator page&amp#27;[0m                                                 &amp#27;[90m# com.emi.stepdefinitions.LoanCalculatorSteps.i_am_on_the_emi_calculator_page()&amp#27;[0m

    Embedding TC-FN-07 Navigate to Loan Tenure Calculator tab and verify UI elements [image/png 210418 bytes]

  &amp#27;[32mWhen &amp#27;[0m&amp#27;[32mI navigate to the Loan Tenure Calculator tab&amp#27;[0m                                     &amp#27;[90m# com.emi.stepdefinitions.LoanCalculatorSteps.i_navigate_to_the_loan_tenure_calculator_tab()&amp#27;[0m

    Embedding TC-FN-07 Navigate to Loan Tenure Calculator tab and verify UI elements [image/png 209401 bytes]

12:00:03.484 [TestNG-tests-2] INFO  com.emi.base.DriverSetup - Browser closed successfully
]]></system-out>
  </testcase>
  <testcase name="runScenario[&quot;TC-FN-07 Navigate to Loan Tenure Calculator tab and verify UI elements&quot;, &quot;EMI, Loan Amount, and Loan Tenure Calculator Validations&quot;](6)" classname="com.emi.runners.CucumberTestRunner" time="9.169">
    <system-out><![CDATA[
@loan @emi @regression @tc_fl_01 @positive
Scenario: TC-FL-01 Validate EMI text boxes with valid inputs &amp#27;[90m# src/test/resources/features/emi_calculator.feature:40&amp#27;[0m
12:00:03.493 [TestNG-tests-2] INFO  com.emi.base.DriverSetup - Initializing WebDriver for browser: chrome
12:00:03.503 [TestNG-tests-2] INFO  io.github.bonigarcia.wdm.WebDriverManager - Using chromedriver 138.0.7204.183 (resolved driver for Chrome 138)
12:00:03.514 [TestNG-tests-2] INFO  io.github.bonigarcia.wdm.WebDriverManager - Exporting webdriver.chrome.driver as C:\Users\2421305\.cache\selenium\chromedriver\win64\138.0.7204.183\chromedriver.exe
12:00:04.148 [TestNG-tests-1] INFO  com.emi.pages.LoanCalculatorPage - Loan Amount field set/read. Skipping equality validation due to dynamic behavior
12:00:05.639 [TestNG-tests-1] INFO  com.emi.pages.LoanCalculatorPage - EMI field set/read. Skipping equality validation due to dynamic behavior
12:00:05.850 [TestNG-tests-2] INFO  com.emi.base.DriverSetup - WebDriver initialized successfully
12:00:05.850 [TestNG-tests-2] INFO  com.emi.base.DriverSetup - Navigating to application URL: https://emicalculator.net/
12:00:07.366 [TestNG-tests-1] INFO  com.emi.pages.LoanCalculatorPage - Interest Rate field validation passed
12:00:08.067 [TestNG-tests-2] INFO  com.emi.base.DriverSetup - Successfully navigated to application
12:00:08.801 [TestNG-tests-1] INFO  com.emi.pages.LoanCalculatorPage - Fees & Charge field validation passed
  &amp#27;[32mAnd &amp#27;[0m&amp#27;[32mI enter EMI details in loan tenure&amp#27;[0m                                                &amp#27;[90m# com.emi.stepdefinitions.LoanCalculatorSteps.i_enter_loan_tenure_calculator_details()&amp#27;[0m

    Embedding TC-FN-07 Navigate to Loan Tenure Calculator tab and verify UI elements [image/png 140854 bytes]

true true true true
  &amp#27;[32mThen &amp#27;[0m&amp#27;[32mall UI elements such as text boxes and controls should be visible and functional&amp#27;[0m &amp#27;[90m# com.emi.stepdefinitions.LoanCalculatorSteps.all_ui_elements_visible_and_functional()&amp#27;[0m

    Embedding TC-FN-07 Navigate to Loan Tenure Calculator tab and verify UI elements [image/png 140854 bytes]

12:00:09.281 [TestNG-tests-1] INFO  com.emi.base.DriverSetup - Closing browser and cleaning up resources
  &amp#27;[32mGiven &amp#27;[0m&amp#27;[32mI am on the EMI Calculator page&amp#27;[0m                      &amp#27;[90m# com.emi.stepdefinitions.LoanCalculatorSteps.i_am_on_the_emi_calculator_page()&amp#27;[0m

    Embedding TC-FL-01 Validate EMI text boxes with valid inputs [image/png 187365 bytes]

12:00:11.404 [TestNG-tests-2] INFO  com.emi.pages.LoanCalculatorPage - Loan Amount field set/read. Skipping equality validation due to dynamic behavior
12:00:12.652 [TestNG-tests-1] INFO  com.emi.base.DriverSetup - Browser closed successfully
]]></system-out>
  </testcase>
  <testcase name="runScenario[&quot;TC-FL-01 Validate EMI text boxes with valid inputs&quot;, &quot;EMI, Loan Amount, and Loan Tenure Calculator Validations&quot;](7)" classname="com.emi.runners.CucumberTestRunner" time="7.497">
    <system-out><![CDATA[
@loan @emi @regression @tc_fl_01 @positive
Scenario: TC-FL-01 Validate EMI text boxes with valid inputs &amp#27;[90m# src/test/resources/features/emi_calculator.feature:40&amp#27;[0m
12:00:12.664 [TestNG-tests-1] INFO  com.emi.base.DriverSetup - Initializing WebDriver for browser: edge
12:00:12.913 [TestNG-tests-2] INFO  com.emi.pages.LoanCalculatorPage - Interest Rate field validation passed
12:00:14.472 [TestNG-tests-2] INFO  com.emi.pages.LoanCalculatorPage - Loan Term field validation passed
12:00:15.444 [TestNG-tests-1] INFO  com.emi.base.DriverSetup - WebDriver initialized successfully
12:00:15.446 [TestNG-tests-1] INFO  com.emi.base.DriverSetup - Navigating to application URL: https://emicalculator.net/
12:00:16.127 [TestNG-tests-2] INFO  com.emi.pages.LoanCalculatorPage - Fees & Charge field validation passed
  &amp#27;[32mWhen &amp#27;[0m&amp#27;[32mI enter valid text box values in emi calculator&amp#27;[0m       &amp#27;[90m# com.emi.stepdefinitions.LoanCalculatorSteps.i_enter_valid_text_values()&amp#27;[0m

    Embedding TC-FL-01 Validate EMI text boxes with valid inputs [image/png 123479 bytes]

true true true true
  &amp#27;[32mThen &amp#27;[0m&amp#27;[32mall EMI input fields should be valid and functional&amp#27;[0m   &amp#27;[90m# com.emi.stepdefinitions.LoanCalculatorSteps.all_emi_input_fields_valid()&amp#27;[0m

    Embedding TC-FL-01 Validate EMI text boxes with valid inputs [image/png 123479 bytes]

12:00:16.596 [TestNG-tests-2] INFO  com.emi.base.DriverSetup - Closing browser and cleaning up resources
12:00:17.717 [TestNG-tests-1] INFO  com.emi.base.DriverSetup - Successfully navigated to application
  &amp#27;[32mGiven &amp#27;[0m&amp#27;[32mI am on the EMI Calculator page&amp#27;[0m                      &amp#27;[90m# com.emi.stepdefinitions.LoanCalculatorSteps.i_am_on_the_emi_calculator_page()&amp#27;[0m

    Embedding TC-FL-01 Validate EMI text boxes with valid inputs [image/png 210418 bytes]

12:00:20.148 [TestNG-tests-2] INFO  com.emi.base.DriverSetup - Browser closed successfully
]]></system-out>
  </testcase>
  <testcase name="runScenario[&quot;TC-FL-01 Validate EMI text boxes with valid inputs&quot;, &quot;EMI, Loan Amount, and Loan Tenure Calculator Validations&quot;](7)" classname="com.emi.runners.CucumberTestRunner" time="9.212">
    <system-out><![CDATA[
@loan @emi @field @negative @regression @tc_fl_02
Scenario: TC-FL-02 Validate that all input fields reset on non-numeric input  &amp#27;[90m# src/test/resources/features/emi_calculator.feature:45&amp#27;[0m
12:00:20.160 [TestNG-tests-2] INFO  com.emi.base.DriverSetup - Initializing WebDriver for browser: chrome
12:00:20.182 [TestNG-tests-2] INFO  io.github.bonigarcia.wdm.WebDriverManager - Using chromedriver 138.0.7204.183 (resolved driver for Chrome 138)
12:00:20.199 [TestNG-tests-2] INFO  io.github.bonigarcia.wdm.WebDriverManager - Exporting webdriver.chrome.driver as C:\Users\2421305\.cache\selenium\chromedriver\win64\138.0.7204.183\chromedriver.exe
12:00:20.948 [TestNG-tests-1] INFO  com.emi.pages.LoanCalculatorPage - Loan Amount field set/read. Skipping equality validation due to dynamic behavior
12:00:22.041 [TestNG-tests-2] INFO  com.emi.base.DriverSetup - WebDriver initialized successfully
12:00:22.041 [TestNG-tests-2] INFO  com.emi.base.DriverSetup - Navigating to application URL: https://emicalculator.net/
12:00:22.544 [TestNG-tests-1] INFO  com.emi.pages.LoanCalculatorPage - Interest Rate field validation passed
12:00:24.115 [TestNG-tests-1] INFO  com.emi.pages.LoanCalculatorPage - Loan Term field validation passed
12:00:24.127 [TestNG-tests-2] INFO  com.emi.base.DriverSetup - Successfully navigated to application
12:00:25.680 [TestNG-tests-1] INFO  com.emi.pages.LoanCalculatorPage - Fees & Charge field validation passed
  &amp#27;[32mWhen &amp#27;[0m&amp#27;[32mI enter valid text box values in emi calculator&amp#27;[0m       &amp#27;[90m# com.emi.stepdefinitions.LoanCalculatorSteps.i_enter_valid_text_values()&amp#27;[0m
  &amp#27;[32mGiven &amp#27;[0m&amp#27;[32mI am on the EMI Calculator page&amp#27;[0m                                       &amp#27;[90m# com.emi.stepdefinitions.LoanCalculatorSteps.i_am_on_the_emi_calculator_page()&amp#27;[0m

    Embedding TC-FL-02 Validate that all input fields reset on non-numeric input [image/png 187365 bytes]


    Embedding TC-FL-01 Validate EMI text boxes with valid inputs [image/png 142338 bytes]

true true true true
  &amp#27;[32mThen &amp#27;[0m&amp#27;[32mall EMI input fields should be valid and functional&amp#27;[0m   &amp#27;[90m# com.emi.stepdefinitions.LoanCalculatorSteps.all_emi_input_fields_valid()&amp#27;[0m

    Embedding TC-FL-01 Validate EMI text boxes with valid inputs [image/png 142338 bytes]

12:00:26.307 [TestNG-tests-1] INFO  com.emi.base.DriverSetup - Closing browser and cleaning up resources
  &amp#27;[32mWhen &amp#27;[0m&amp#27;[32mI enter non-numeric values in emi calculator&amp#27;[0m                           &amp#27;[90m# com.emi.stepdefinitions.LoanCalculatorSteps.i_enter_non_numeric_values()&amp#27;[0m

    Embedding TC-FL-02 Validate that all input fields reset on non-numeric input [image/png 122114 bytes]

  &amp#27;[32mThen &amp#27;[0m&amp#27;[32mall fields should reject non-numeric input and reset to default values&amp#27;[0m &amp#27;[90m# com.emi.stepdefinitions.LoanCalculatorSteps.fields_should_reject_non_numeric()&amp#27;[0m

    Embedding TC-FL-02 Validate that all input fields reset on non-numeric input [image/png 122114 bytes]

12:00:28.255 [TestNG-tests-2] INFO  com.emi.base.DriverSetup - Closing browser and cleaning up resources
12:00:29.364 [TestNG-tests-1] INFO  com.emi.base.DriverSetup - Browser closed successfully
]]></system-out>
  </testcase>
  <testcase name="runScenario[&quot;TC-FL-02 Validate that all input fields reset on non-numeric input&quot;, &quot;EMI, Loan Amount, and Loan Tenure Calculator Validations&quot;](8)" classname="com.emi.runners.CucumberTestRunner" time="2.121">
    <system-out><![CDATA[
@loan @emi @field @negative @regression @tc_fl_02
Scenario: TC-FL-02 Validate that all input fields reset on non-numeric input  &amp#27;[90m# src/test/resources/features/emi_calculator.feature:45&amp#27;[0m
12:00:29.375 [TestNG-tests-1] INFO  com.emi.base.DriverSetup - Initializing WebDriver for browser: edge
12:00:31.483 [TestNG-tests-2] INFO  com.emi.base.DriverSetup - Browser closed successfully
]]></system-out>
  </testcase>
  <testcase name="runScenario[&quot;TC-FL-02 Validate that all input fields reset on non-numeric input&quot;, &quot;EMI, Loan Amount, and Loan Tenure Calculator Validations&quot;](8)" classname="com.emi.runners.CucumberTestRunner" time="11.507">
    <system-out><![CDATA[
@loan @emi @field @negative @regression @tc_fl_03
Scenario: TC-FL-03 Validate that all input fields reset on negative input   &amp#27;[90m# src/test/resources/features/emi_calculator.feature:50&amp#27;[0m
12:00:31.494 [TestNG-tests-2] INFO  com.emi.base.DriverSetup - Initializing WebDriver for browser: chrome
12:00:31.507 [TestNG-tests-2] INFO  io.github.bonigarcia.wdm.WebDriverManager - Using chromedriver 138.0.7204.183 (resolved driver for Chrome 138)
12:00:31.518 [TestNG-tests-2] INFO  io.github.bonigarcia.wdm.WebDriverManager - Exporting webdriver.chrome.driver as C:\Users\2421305\.cache\selenium\chromedriver\win64\138.0.7204.183\chromedriver.exe
12:00:32.667 [TestNG-tests-1] INFO  com.emi.base.DriverSetup - WebDriver initialized successfully
12:00:32.668 [TestNG-tests-1] INFO  com.emi.base.DriverSetup - Navigating to application URL: https://emicalculator.net/
12:00:33.878 [TestNG-tests-2] INFO  com.emi.base.DriverSetup - WebDriver initialized successfully
12:00:33.879 [TestNG-tests-2] INFO  com.emi.base.DriverSetup - Navigating to application URL: https://emicalculator.net/
12:00:35.316 [TestNG-tests-1] INFO  com.emi.base.DriverSetup - Successfully navigated to application
12:00:36.291 [TestNG-tests-2] INFO  com.emi.base.DriverSetup - Successfully navigated to application
  &amp#27;[32mGiven &amp#27;[0m&amp#27;[32mI am on the EMI Calculator page&amp#27;[0m                                       &amp#27;[90m# com.emi.stepdefinitions.LoanCalculatorSteps.i_am_on_the_emi_calculator_page()&amp#27;[0m

    Embedding TC-FL-02 Validate that all input fields reset on non-numeric input [image/png 210504 bytes]

  &amp#27;[32mGiven &amp#27;[0m&amp#27;[32mI am on the EMI Calculator page&amp#27;[0m                                     &amp#27;[90m# com.emi.stepdefinitions.LoanCalculatorSteps.i_am_on_the_emi_calculator_page()&amp#27;[0m

    Embedding TC-FL-03 Validate that all input fields reset on negative input [image/png 187419 bytes]

  &amp#27;[32mWhen &amp#27;[0m&amp#27;[32mI enter non-numeric values in emi calculator&amp#27;[0m                           &amp#27;[90m# com.emi.stepdefinitions.LoanCalculatorSteps.i_enter_non_numeric_values()&amp#27;[0m

    Embedding TC-FL-02 Validate that all input fields reset on non-numeric input [image/png 140867 bytes]

  &amp#27;[32mThen &amp#27;[0m&amp#27;[32mall fields should reject non-numeric input and reset to default values&amp#27;[0m &amp#27;[90m# com.emi.stepdefinitions.LoanCalculatorSteps.fields_should_reject_non_numeric()&amp#27;[0m

    Embedding TC-FL-02 Validate that all input fields reset on non-numeric input [image/png 140867 bytes]

12:00:39.919 [TestNG-tests-1] INFO  com.emi.base.DriverSetup - Closing browser and cleaning up resources
17,00,000 6 11,674 1700000 10.34 6 11674
  &amp#27;[32mWhen &amp#27;[0m&amp#27;[32mI enter negative values in emi calculator&amp#27;[0m                            &amp#27;[90m# com.emi.stepdefinitions.LoanCalculatorSteps.i_enter_negative_values()&amp#27;[0m

    Embedding TC-FL-03 Validate that all input fields reset on negative input [image/png 123356 bytes]

  &amp#27;[32mThen &amp#27;[0m&amp#27;[32mall fields should reset to the equivalent positive values or default&amp#27;[0m &amp#27;[90m# com.emi.stepdefinitions.LoanCalculatorSteps.fields_should_reset_to_positive_or_default()&amp#27;[0m

    Embedding TC-FL-03 Validate that all input fields reset on negative input [image/png 123356 bytes]

12:00:40.794 [TestNG-tests-2] INFO  com.emi.base.DriverSetup - Closing browser and cleaning up resources
12:00:42.992 [TestNG-tests-1] INFO  com.emi.base.DriverSetup - Browser closed successfully
]]></system-out>
  </testcase>
  <testcase name="runScenario[&quot;TC-FL-03 Validate that all input fields reset on negative input&quot;, &quot;EMI, Loan Amount, and Loan Tenure Calculator Validations&quot;](9)" classname="com.emi.runners.CucumberTestRunner" time="0.723">
    <system-out><![CDATA[
@loan @emi @field @negative @regression @tc_fl_03
Scenario: TC-FL-03 Validate that all input fields reset on negative input   &amp#27;[90m# src/test/resources/features/emi_calculator.feature:50&amp#27;[0m
12:00:43.003 [TestNG-tests-1] INFO  com.emi.base.DriverSetup - Initializing WebDriver for browser: edge
12:00:43.706 [TestNG-tests-2] INFO  com.emi.base.DriverSetup - Browser closed successfully
]]></system-out>
  </testcase>
  <testcase name="runScenario[&quot;TC-FL-03 Validate that all input fields reset on negative input&quot;, &quot;EMI, Loan Amount, and Loan Tenure Calculator Validations&quot;](9)" classname="com.emi.runners.CucumberTestRunner" time="0.675">
    <system-out><![CDATA[
@loan @emi @field @positive @regression @tc_fl_05
Scenario: TC-FL-05 Validate that decimal values are accepted in the Interest Rate field &amp#27;[90m# src/test/resources/features/emi_calculator.feature:60&amp#27;[0m
12:00:56.111 [TestNG-tests-2] INFO  com.emi.base.DriverSetup - Initializing WebDriver for browser: chrome
12:00:56.122 [TestNG-tests-2] INFO  io.github.bonigarcia.wdm.WebDriverManager - Using chromedriver 138.0.7204.183 (resolved driver for Chrome 138)
12:00:56.130 [TestNG-tests-2] INFO  io.github.bonigarcia.wdm.WebDriverManager - Exporting webdriver.chrome.driver as C:\Users\2421305\.cache\selenium\chromedriver\win64\138.0.7204.183\chromedriver.exe
12:00:56.775 [TestNG-tests-1] INFO  com.emi.base.DriverSetup - Browser closed successfully
]]></system-out>
  </testcase>
  <testcase name="runScenario[&quot;TC-FL-04 Validate that all input fields reset when left blank&quot;, &quot;EMI, Loan Amount, and Loan Tenure Calculator Validations&quot;](10)" classname="com.emi.runners.CucumberTestRunner" time="12.385">
    <system-out><![CDATA[
@loan @emi @field @negative @regression @tc_fl_04
Scenario: TC-FL-04 Validate that all input fields reset when left blank &amp#27;[90m# src/test/resources/features/emi_calculator.feature:55&amp#27;[0m
12:00:43.725 [TestNG-tests-2] INFO  com.emi.base.DriverSetup - Initializing WebDriver for browser: chrome
12:00:43.745 [TestNG-tests-2] INFO  io.github.bonigarcia.wdm.WebDriverManager - Using chromedriver 138.0.7204.183 (resolved driver for Chrome 138)
12:00:43.758 [TestNG-tests-2] INFO  io.github.bonigarcia.wdm.WebDriverManager - Exporting webdriver.chrome.driver as C:\Users\2421305\.cache\selenium\chromedriver\win64\138.0.7204.183\chromedriver.exe
12:00:45.474 [TestNG-tests-2] INFO  com.emi.base.DriverSetup - WebDriver initialized successfully
12:00:45.474 [TestNG-tests-2] INFO  com.emi.base.DriverSetup - Navigating to application URL: https://emicalculator.net/
12:00:47.161 [TestNG-tests-1] INFO  com.emi.base.DriverSetup - WebDriver initialized successfully
12:00:47.161 [TestNG-tests-1] INFO  com.emi.base.DriverSetup - Navigating to application URL: https://emicalculator.net/
12:00:48.083 [TestNG-tests-2] INFO  com.emi.base.DriverSetup - Successfully navigated to application
12:00:49.203 [TestNG-tests-1] INFO  com.emi.base.DriverSetup - Successfully navigated to application
  &amp#27;[32mGiven &amp#27;[0m&amp#27;[32mI am on the EMI Calculator page&amp#27;[0m                                 &amp#27;[90m# com.emi.stepdefinitions.LoanCalculatorSteps.i_am_on_the_emi_calculator_page()&amp#27;[0m

    Embedding TC-FL-04 Validate that all input fields reset when left blank [image/png 187365 bytes]

  &amp#27;[32mGiven &amp#27;[0m&amp#27;[32mI am on the EMI Calculator page&amp#27;[0m                                     &amp#27;[90m# com.emi.stepdefinitions.LoanCalculatorSteps.i_am_on_the_emi_calculator_page()&amp#27;[0m

    Embedding TC-FL-03 Validate that all input fields reset on negative input [image/png 210418 bytes]

  &amp#27;[32mWhen &amp#27;[0m&amp#27;[32mI leave all input fields empty in emi calculator&amp#27;[0m                 &amp#27;[90m# com.emi.stepdefinitions.LoanCalculatorSteps.i_leave_all_input_fields_empty()&amp#27;[0m

    Embedding TC-FL-04 Validate that all input fields reset when left blank [image/png 122114 bytes]

  &amp#27;[32mThen &amp#27;[0m&amp#27;[32mall fields should reset to default values (zero or placeholders)&amp#27;[0m &amp#27;[90m# com.emi.stepdefinitions.LoanCalculatorSteps.fields_should_reset_to_default_values()&amp#27;[0m

    Embedding TC-FL-04 Validate that all input fields reset when left blank [image/png 122114 bytes]

12:00:52.294 [TestNG-tests-2] INFO  com.emi.base.DriverSetup - Closing browser and cleaning up resources
17,00,000 6 11,674 1700000 10.34 6 11674
  &amp#27;[32mWhen &amp#27;[0m&amp#27;[32mI enter negative values in emi calculator&amp#27;[0m                            &amp#27;[90m# com.emi.stepdefinitions.LoanCalculatorSteps.i_enter_negative_values()&amp#27;[0m

    Embedding TC-FL-03 Validate that all input fields reset on negative input [image/png 141966 bytes]

  &amp#27;[32mThen &amp#27;[0m&amp#27;[32mall fields should reset to the equivalent positive values or default&amp#27;[0m &amp#27;[90m# com.emi.stepdefinitions.LoanCalculatorSteps.fields_should_reset_to_positive_or_default()&amp#27;[0m

    Embedding TC-FL-03 Validate that all input fields reset on negative input [image/png 141966 bytes]

12:00:53.500 [TestNG-tests-1] INFO  com.emi.base.DriverSetup - Closing browser and cleaning up resources
12:00:56.102 [TestNG-tests-2] INFO  com.emi.base.DriverSetup - Browser closed successfully
]]></system-out>
  </testcase>
  <testcase name="runScenario[&quot;TC-FL-04 Validate that all input fields reset when left blank&quot;, &quot;EMI, Loan Amount, and Loan Tenure Calculator Validations&quot;](10)" classname="com.emi.runners.CucumberTestRunner" time="5.289">
    <system-out><![CDATA[
@loan @emi @field @tenure @regression @tc_fl_06
Scenario: TC-FL-06 Validate that Loan Tenure supports both year and month formats     &amp#27;[90m# src/test/resources/features/emi_calculator.feature:65&amp#27;[0m
12:01:05.813 [TestNG-tests-2] INFO  com.emi.base.DriverSetup - Initializing WebDriver for browser: chrome
12:01:05.827 [TestNG-tests-2] INFO  io.github.bonigarcia.wdm.WebDriverManager - Using chromedriver 138.0.7204.183 (resolved driver for Chrome 138)
12:01:05.835 [TestNG-tests-2] INFO  io.github.bonigarcia.wdm.WebDriverManager - Exporting webdriver.chrome.driver as C:\Users\2421305\.cache\selenium\chromedriver\win64\138.0.7204.183\chromedriver.exe
  &amp#27;[32mWhen &amp#27;[0m&amp#27;[32mI leave all input fields empty in emi calculator&amp#27;[0m                 &amp#27;[90m# com.emi.stepdefinitions.LoanCalculatorSteps.i_leave_all_input_fields_empty()&amp#27;[0m

    Embedding TC-FL-04 Validate that all input fields reset when left blank [image/png 140867 bytes]

  &amp#27;[32mThen &amp#27;[0m&amp#27;[32mall fields should reset to default values (zero or placeholders)&amp#27;[0m &amp#27;[90m# com.emi.stepdefinitions.LoanCalculatorSteps.fields_should_reset_to_default_values()&amp#27;[0m

    Embedding TC-FL-04 Validate that all input fields reset when left blank [image/png 140867 bytes]

12:01:06.510 [TestNG-tests-1] INFO  com.emi.base.DriverSetup - Closing browser and cleaning up resources
12:01:07.753 [TestNG-tests-2] INFO  com.emi.base.DriverSetup - WebDriver initialized successfully
12:01:07.754 [TestNG-tests-2] INFO  com.emi.base.DriverSetup - Navigating to application URL: https://emicalculator.net/
12:01:09.839 [TestNG-tests-2] INFO  com.emi.base.DriverSetup - Successfully navigated to application
12:01:11.092 [TestNG-tests-1] INFO  com.emi.base.DriverSetup - Browser closed successfully
]]></system-out>
  </testcase>
  <testcase name="runScenario[&quot;TC-FL-05 Validate that decimal values are accepted in the Interest Rate field&quot;, &quot;EMI, Loan Amount, and Loan Tenure Calculator Validations&quot;](11)" classname="com.emi.runners.CucumberTestRunner" time="9.025">
    <system-out><![CDATA[
@loan @emi @field @negative @regression @tc_fl_04
Scenario: TC-FL-04 Validate that all input fields reset when left blank &amp#27;[90m# src/test/resources/features/emi_calculator.feature:55&amp#27;[0m
12:00:56.787 [TestNG-tests-1] INFO  com.emi.base.DriverSetup - Initializing WebDriver for browser: edge
12:00:57.755 [TestNG-tests-2] INFO  com.emi.base.DriverSetup - WebDriver initialized successfully
12:00:57.755 [TestNG-tests-2] INFO  com.emi.base.DriverSetup - Navigating to application URL: https://emicalculator.net/
12:01:00.257 [TestNG-tests-2] INFO  com.emi.base.DriverSetup - Successfully navigated to application
12:01:00.709 [TestNG-tests-1] INFO  com.emi.base.DriverSetup - WebDriver initialized successfully
12:01:00.710 [TestNG-tests-1] INFO  com.emi.base.DriverSetup - Navigating to application URL: https://emicalculator.net/
  &amp#27;[32mGiven &amp#27;[0m&amp#27;[32mI am on the EMI Calculator page&amp#27;[0m                                                 &amp#27;[90m# com.emi.stepdefinitions.LoanCalculatorSteps.i_am_on_the_emi_calculator_page()&amp#27;[0m

    Embedding TC-FL-05 Validate that decimal values are accepted in the Interest Rate field [image/png 187365 bytes]

12:01:02.829 [TestNG-tests-1] INFO  com.emi.base.DriverSetup - Successfully navigated to application
  &amp#27;[32mWhen &amp#27;[0m&amp#27;[32mI enter interest rate value in emi calculator&amp#27;[0m                                    &amp#27;[90m# com.emi.stepdefinitions.LoanCalculatorSteps.i_enter_decimal_in_interest_field()&amp#27;[0m

    Embedding TC-FL-05 Validate that decimal values are accepted in the Interest Rate field [image/png 135063 bytes]

  &amp#27;[32mThen &amp#27;[0m&amp#27;[32mthe Interest Rate field should accept and retain the decimal value&amp#27;[0m               &amp#27;[90m# com.emi.stepdefinitions.LoanCalculatorSteps.interest_rate_field_should_accept_decimal()&amp#27;[0m

    Embedding TC-FL-05 Validate that decimal values are accepted in the Interest Rate field [image/png 135063 bytes]

12:01:03.213 [TestNG-tests-2] INFO  com.emi.base.DriverSetup - Closing browser and cleaning up resources
  &amp#27;[32mGiven &amp#27;[0m&amp#27;[32mI am on the EMI Calculator page&amp#27;[0m                                 &amp#27;[90m# com.emi.stepdefinitions.LoanCalculatorSteps.i_am_on_the_emi_calculator_page()&amp#27;[0m

    Embedding TC-FL-04 Validate that all input fields reset when left blank [image/png 210418 bytes]

12:01:05.801 [TestNG-tests-2] INFO  com.emi.base.DriverSetup - Browser closed successfully
]]></system-out>
  </testcase>
  <testcase name="runScenario[&quot;TC-FL-05 Validate that decimal values are accepted in the Interest Rate field&quot;, &quot;EMI, Loan Amount, and Loan Tenure Calculator Validations&quot;](11)" classname="com.emi.runners.CucumberTestRunner" time="6.516">
    <system-out><![CDATA[
@loan @emi @field @dynamic @regression @tc_fl_07
Scenario: TC-FL-07 Validate that EMI result updates dynamically on input change                                   &amp#27;[90m# src/test/resources/features/emi_calculator.feature:70&amp#27;[0m
12:01:17.483 [TestNG-tests-2] INFO  com.emi.base.DriverSetup - Initializing WebDriver for browser: chrome
12:01:17.502 [TestNG-tests-2] INFO  io.github.bonigarcia.wdm.WebDriverManager - Using chromedriver 138.0.7204.183 (resolved driver for Chrome 138)
12:01:17.521 [TestNG-tests-2] INFO  io.github.bonigarcia.wdm.WebDriverManager - Exporting webdriver.chrome.driver as C:\Users\2421305\.cache\selenium\chromedriver\win64\138.0.7204.183\chromedriver.exe
  &amp#27;[32mGiven &amp#27;[0m&amp#27;[32mI am on the EMI Calculator page&amp#27;[0m                                                 &amp#27;[90m# com.emi.stepdefinitions.LoanCalculatorSteps.i_am_on_the_emi_calculator_page()&amp#27;[0m

    Embedding TC-FL-05 Validate that decimal values are accepted in the Interest Rate field [image/png 210418 bytes]

  &amp#27;[32mWhen &amp#27;[0m&amp#27;[32mI enter interest rate value in emi calculator&amp#27;[0m                                    &amp#27;[90m# com.emi.stepdefinitions.LoanCalculatorSteps.i_enter_decimal_in_interest_field()&amp#27;[0m
12:01:19.458 [TestNG-tests-2] INFO  com.emi.base.DriverSetup - WebDriver initialized successfully
12:01:19.458 [TestNG-tests-2] INFO  com.emi.base.DriverSetup - Navigating to application URL: https://emicalculator.net/

    Embedding TC-FL-05 Validate that decimal values are accepted in the Interest Rate field [image/png 210170 bytes]

  &amp#27;[32mThen &amp#27;[0m&amp#27;[32mthe Interest Rate field should accept and retain the decimal value&amp#27;[0m               &amp#27;[90m# com.emi.stepdefinitions.LoanCalculatorSteps.interest_rate_field_should_accept_decimal()&amp#27;[0m

    Embedding TC-FL-05 Validate that decimal values are accepted in the Interest Rate field [image/png 210170 bytes]

12:01:19.893 [TestNG-tests-1] INFO  com.emi.base.DriverSetup - Closing browser and cleaning up resources
12:01:21.819 [TestNG-tests-2] INFO  com.emi.base.DriverSetup - Successfully navigated to application
  &amp#27;[32mGiven &amp#27;[0m&amp#27;[32mI am on the EMI Calculator page&amp#27;[0m                                                                           &amp#27;[90m# com.emi.stepdefinitions.LoanCalculatorSteps.i_am_on_the_emi_calculator_page()&amp#27;[0m

    Embedding TC-FL-07 Validate that EMI result updates dynamically on input change [image/png 187365 bytes]

12:01:23.992 [TestNG-tests-1] INFO  com.emi.base.DriverSetup - Browser closed successfully
]]></system-out>
  </testcase>
  <testcase name="runScenario[&quot;TC-FL-06 Validate that Loan Tenure supports both year and month formats&quot;, &quot;EMI, Loan Amount, and Loan Tenure Calculator Validations&quot;](12)" classname="com.emi.runners.CucumberTestRunner" time="6.383">
    <system-out><![CDATA[
@loan @emi @field @positive @regression @tc_fl_05
Scenario: TC-FL-05 Validate that decimal values are accepted in the Interest Rate field &amp#27;[90m# src/test/resources/features/emi_calculator.feature:60&amp#27;[0m
12:01:11.105 [TestNG-tests-1] INFO  com.emi.base.DriverSetup - Initializing WebDriver for browser: edge
  &amp#27;[32mGiven &amp#27;[0m&amp#27;[32mI am on the EMI Calculator page&amp#27;[0m                                               &amp#27;[90m# com.emi.stepdefinitions.LoanCalculatorSteps.i_am_on_the_emi_calculator_page()&amp#27;[0m

    Embedding TC-FL-06 Validate that Loan Tenure supports both year and month formats [image/png 187365 bytes]

12:01:12.685 [TestNG-tests-2] INFO  com.emi.pages.LoanCalculatorPage - Tenure type validation passed. Year value: 5, Month value: 60
  &amp#27;[32mWhen &amp#27;[0m&amp#27;[32mI toggle the loan tenure type between years and months&amp#27;[0m                         &amp#27;[90m# com.emi.stepdefinitions.LoanCalculatorSteps.i_toggle_the_loan_tenure_type_between_years_and_months()&amp#27;[0m

    Embedding TC-FL-06 Validate that Loan Tenure supports both year and month formats [image/png 114878 bytes]

  &amp#27;[32mThen &amp#27;[0m&amp#27;[32mthe selected tenure type should update correctly with respect to year in month&amp#27;[0m &amp#27;[90m# com.emi.stepdefinitions.LoanCalculatorSteps.selected_tenure_type_should_update_correctly()&amp#27;[0m

    Embedding TC-FL-06 Validate that Loan Tenure supports both year and month formats [image/png 114788 bytes]

12:01:13.052 [TestNG-tests-2] INFO  com.emi.base.DriverSetup - Closing browser and cleaning up resources
12:01:14.796 [TestNG-tests-1] INFO  com.emi.base.DriverSetup - WebDriver initialized successfully
12:01:14.797 [TestNG-tests-1] INFO  com.emi.base.DriverSetup - Navigating to application URL: https://emicalculator.net/
12:01:16.780 [TestNG-tests-1] INFO  com.emi.base.DriverSetup - Successfully navigated to application
12:01:17.478 [TestNG-tests-2] INFO  com.emi.base.DriverSetup - Browser closed successfully
]]></system-out>
  </testcase>
  <testcase name="runScenario[&quot;TC-FL-06 Validate that Loan Tenure supports both year and month formats&quot;, &quot;EMI, Loan Amount, and Loan Tenure Calculator Validations&quot;](12)" classname="com.emi.runners.CucumberTestRunner" time="4.446">
    <system-out><![CDATA[
@home @regression
Scenario: Extract year-wise amortization data and export to Excel &amp#27;[90m# src/test/resources/features/home_loan.feature:7&amp#27;[0m
12:01:32.828 [TestNG-tests-2] INFO  com.emi.base.DriverSetup - Initializing WebDriver for browser: chrome
12:01:32.837 [TestNG-tests-2] INFO  io.github.bonigarcia.wdm.WebDriverManager - Using chromedriver 138.0.7204.183 (resolved driver for Chrome 138)
12:01:32.844 [TestNG-tests-2] INFO  io.github.bonigarcia.wdm.WebDriverManager - Exporting webdriver.chrome.driver as C:\Users\2421305\.cache\selenium\chromedriver\win64\138.0.7204.183\chromedriver.exe
12:01:32.929 [TestNG-tests-1] INFO  com.emi.pages.LoanCalculatorPage - Tenure type validation passed. Year value: 5, Month value: 60
  &amp#27;[32mWhen &amp#27;[0m&amp#27;[32mI toggle the loan tenure type between years and months&amp#27;[0m                         &amp#27;[90m# com.emi.stepdefinitions.LoanCalculatorSteps.i_toggle_the_loan_tenure_type_between_years_and_months()&amp#27;[0m

    Embedding TC-FL-06 Validate that Loan Tenure supports both year and month formats [image/png 138886 bytes]

  &amp#27;[32mThen &amp#27;[0m&amp#27;[32mthe selected tenure type should update correctly with respect to year in month&amp#27;[0m &amp#27;[90m# com.emi.stepdefinitions.LoanCalculatorSteps.selected_tenure_type_should_update_correctly()&amp#27;[0m

    Embedding TC-FL-06 Validate that Loan Tenure supports both year and month formats [image/png 138725 bytes]

12:01:33.269 [TestNG-tests-1] INFO  com.emi.base.DriverSetup - Closing browser and cleaning up resources
12:01:34.401 [TestNG-tests-2] INFO  com.emi.base.DriverSetup - WebDriver initialized successfully
12:01:34.401 [TestNG-tests-2] INFO  com.emi.base.DriverSetup - Navigating to application URL: https://emicalculator.net/
12:01:36.670 [TestNG-tests-2] INFO  com.emi.base.DriverSetup - Successfully navigated to application
12:01:37.267 [TestNG-tests-1] INFO  com.emi.base.DriverSetup - Browser closed successfully
]]></system-out>
  </testcase>
  <testcase name="runScenario[&quot;TC-FL-07 Validate that EMI result updates dynamically on input change&quot;, &quot;EMI, Loan Amount, and Loan Tenure Calculator Validations&quot;](13)" classname="com.emi.runners.CucumberTestRunner" time="8.824">
    <system-out><![CDATA[
@loan @emi @field @tenure @regression @tc_fl_06
Scenario: TC-FL-06 Validate that Loan Tenure supports both year and month formats     &amp#27;[90m# src/test/resources/features/emi_calculator.feature:65&amp#27;[0m
12:01:24.004 [TestNG-tests-1] INFO  com.emi.base.DriverSetup - Initializing WebDriver for browser: edge
12:01:25.043 [TestNG-tests-2] INFO  com.emi.pages.LoanCalculatorPage - Loan Amount field set/read. Skipping equality validation due to dynamic behavior
12:01:26.577 [TestNG-tests-2] INFO  com.emi.pages.LoanCalculatorPage - Interest Rate field validation passed
12:01:27.915 [TestNG-tests-1] INFO  com.emi.base.DriverSetup - WebDriver initialized successfully
12:01:27.915 [TestNG-tests-1] INFO  com.emi.base.DriverSetup - Navigating to application URL: https://emicalculator.net/
12:01:28.051 [TestNG-tests-2] INFO  com.emi.pages.LoanCalculatorPage - Loan Term field validation passed
12:01:29.555 [TestNG-tests-2] INFO  com.emi.pages.LoanCalculatorPage - Fees & Charge field validation passed
  &amp#27;[32mWhen &amp#27;[0m&amp#27;[32mI get the initial value of EMI result and i enter all values in emi calculator&amp#27;[0m                             &amp#27;[90m# com.emi.stepdefinitions.LoanCalculatorSteps.i_get_initial_emi_value_and_enter_loan_details()&amp#27;[0m

    Embedding TC-FL-07 Validate that EMI result updates dynamically on input change [image/png 122975 bytes]

  &amp#27;[32mThen &amp#27;[0m&amp#27;[32mthe EMI result should update dynamically as the input values change and differ from the previous EMI value&amp#27;[0m &amp#27;[90m# com.emi.stepdefinitions.LoanCalculatorSteps.emi_result_should_update_on_input_change()&amp#27;[0m

    Embedding TC-FL-07 Validate that EMI result updates dynamically on input change [image/png 122975 bytes]

12:01:29.884 [TestNG-tests-2] INFO  com.emi.base.DriverSetup - Closing browser and cleaning up resources
12:01:29.917 [TestNG-tests-1] INFO  com.emi.base.DriverSetup - Successfully navigated to application
  &amp#27;[32mGiven &amp#27;[0m&amp#27;[32mI am on the EMI Calculator page&amp#27;[0m                                               &amp#27;[90m# com.emi.stepdefinitions.LoanCalculatorSteps.i_am_on_the_emi_calculator_page()&amp#27;[0m

    Embedding TC-FL-06 Validate that Loan Tenure supports both year and month formats [image/png 210418 bytes]

12:01:32.820 [TestNG-tests-2] INFO  com.emi.base.DriverSetup - Browser closed successfully
]]></system-out>
  </testcase>
  <testcase name="runScenario[&quot;TC-FL-07 Validate that EMI result updates dynamically on input change&quot;, &quot;EMI, Loan Amount, and Loan Tenure Calculator Validations&quot;](13)" classname="com.emi.runners.CucumberTestRunner" time="15.953">
    <system-out><![CDATA[12:01:45.598 [TestNG-tests-1] INFO  com.emi.pages.LoanCalculatorPage - Loan Amount field set/read. Skipping equality validation due to dynamic behavior
12:01:47.062 [TestNG-tests-1] INFO  com.emi.pages.LoanCalculatorPage - Interest Rate field validation passed
12:01:48.462 [TestNG-tests-1] INFO  com.emi.pages.LoanCalculatorPage - Loan Term field validation passed
12:01:49.908 [TestNG-tests-1] INFO  com.emi.pages.LoanCalculatorPage - Fees & Charge field validation passed
  &amp#27;[32mWhen &amp#27;[0m&amp#27;[32mI get the initial value of EMI result and i enter all values in emi calculator&amp#27;[0m                             &amp#27;[90m# com.emi.stepdefinitions.LoanCalculatorSteps.i_get_initial_emi_value_and_enter_loan_details()&amp#27;[0m

    Embedding TC-FL-07 Validate that EMI result updates dynamically on input change [image/png 141853 bytes]

  &amp#27;[32mThen &amp#27;[0m&amp#27;[32mthe EMI result should update dynamically as the input values change and differ from the previous EMI value&amp#27;[0m &amp#27;[90m# com.emi.stepdefinitions.LoanCalculatorSteps.emi_result_should_update_on_input_change()&amp#27;[0m

    Embedding TC-FL-07 Validate that EMI result updates dynamically on input change [image/png 141853 bytes]

12:01:50.210 [TestNG-tests-1] INFO  com.emi.base.DriverSetup - Closing browser and cleaning up resources
12:01:53.217 [TestNG-tests-1] INFO  com.emi.base.DriverSetup - Browser closed successfully
]]></system-out>
  </testcase>
  <testcase name="runScenario[&quot;Extract year-wise amortization data and export to Excel&quot;, &quot;Home Loan EMI calculator&quot;](14)" classname="com.emi.runners.CucumberTestRunner" time="7.477">
    <system-out><![CDATA[
@loan @emi @field @dynamic @regression @tc_fl_07
Scenario: TC-FL-07 Validate that EMI result updates dynamically on input change                                   &amp#27;[90m# src/test/resources/features/emi_calculator.feature:70&amp#27;[0m
12:01:37.273 [TestNG-tests-1] INFO  com.emi.base.DriverSetup - Initializing WebDriver for browser: edge
  &amp#27;[32mGiven &amp#27;[0m&amp#27;[32mI am on the Home Loan EMI Calculator page&amp#27;[0m                 &amp#27;[90m# com.emi.stepdefinitions.HomeLoanSteps.i_am_on_the_home_loan_emi_calculator_page()&amp#27;[0m

    Embedding Extract year-wise amortization data and export to Excel [image/png 155824 bytes]

12:01:40.333 [TestNG-tests-1] INFO  com.emi.base.DriverSetup - WebDriver initialized successfully
12:01:40.333 [TestNG-tests-1] INFO  com.emi.base.DriverSetup - Navigating to application URL: https://emicalculator.net/
  &amp#27;[32mWhen &amp#27;[0m&amp#27;[32mI fill home loan values with by reading from file&amp#27;[0m          &amp#27;[90m# com.emi.stepdefinitions.HomeLoanSteps.i_fill_home_loan_values()&amp#27;[0m

    Embedding Extract year-wise amortization data and export to Excel [image/png 84475 bytes]

  &amp#27;[32mThen &amp#27;[0m&amp#27;[32mI export the year-wise amortization to Excel&amp#27;[0m               &amp#27;[90m# com.emi.stepdefinitions.HomeLoanSteps.i_export_the_year_wise_amortization_to_excel()&amp#27;[0m

    Embedding Extract year-wise amortization data and export to Excel [image/png 84475 bytes]

12:01:42.046 [TestNG-tests-2] INFO  com.emi.base.DriverSetup - Closing browser and cleaning up resources
12:01:42.412 [TestNG-tests-1] INFO  com.emi.base.DriverSetup - Successfully navigated to application
  &amp#27;[32mGiven &amp#27;[0m&amp#27;[32mI am on the EMI Calculator page&amp#27;[0m                                                                           &amp#27;[90m# com.emi.stepdefinitions.LoanCalculatorSteps.i_am_on_the_emi_calculator_page()&amp#27;[0m

    Embedding TC-FL-07 Validate that EMI result updates dynamically on input change [image/png 210418 bytes]

12:01:44.745 [TestNG-tests-2] INFO  com.emi.base.DriverSetup - Browser closed successfully
]]></system-out>
  </testcase>
  <testcase name="runScenario[&quot;Extract year-wise amortization data and export to Excel&quot;, &quot;Home Loan EMI calculator&quot;](14)" classname="com.emi.runners.CucumberTestRunner" time="13.644">
    <system-out><![CDATA[
@home @regression
Scenario: Extract year-wise amortization data and export to Excel &amp#27;[90m# src/test/resources/features/home_loan.feature:7&amp#27;[0m
12:01:53.231 [TestNG-tests-1] INFO  com.emi.base.DriverSetup - Initializing WebDriver for browser: edge
12:01:56.847 [TestNG-tests-1] INFO  com.emi.base.DriverSetup - WebDriver initialized successfully
12:01:56.847 [TestNG-tests-1] INFO  com.emi.base.DriverSetup - Navigating to application URL: https://emicalculator.net/
12:01:58.995 [TestNG-tests-1] INFO  com.emi.base.DriverSetup - Successfully navigated to application
  &amp#27;[32mGiven &amp#27;[0m&amp#27;[32mI am on the Home Loan EMI Calculator page&amp#27;[0m                 &amp#27;[90m# com.emi.stepdefinitions.HomeLoanSteps.i_am_on_the_home_loan_emi_calculator_page()&amp#27;[0m

    Embedding Extract year-wise amortization data and export to Excel [image/png 180022 bytes]

  &amp#27;[32mWhen &amp#27;[0m&amp#27;[32mI fill home loan values with by reading from file&amp#27;[0m          &amp#27;[90m# com.emi.stepdefinitions.HomeLoanSteps.i_fill_home_loan_values()&amp#27;[0m

    Embedding Extract year-wise amortization data and export to Excel [image/png 181541 bytes]

  &amp#27;[32mThen &amp#27;[0m&amp#27;[32mI export the year-wise amortization to Excel&amp#27;[0m               &amp#27;[90m# com.emi.stepdefinitions.HomeLoanSteps.i_export_the_year_wise_amortization_to_excel()&amp#27;[0m

    Embedding Extract year-wise amortization data and export to Excel [image/png 181340 bytes]

12:02:03.829 [TestNG-tests-1] INFO  com.emi.base.DriverSetup - Closing browser and cleaning up resources
12:02:06.865 [TestNG-tests-1] INFO  com.emi.base.DriverSetup - Browser closed successfully
]]></system-out>
  </testcase>
</testsuite>