<?xml version="1.0" encoding="UTF-8"?>
<!-- Generated by org.testng.reporters.JUnitReportReporter -->
<testsuite hostname="LTIN654110" failures="0" tests="1" name="com.emi.runners.CucumberTestRunner" time="12.618" errors="0" timestamp="2025-08-25T15:56:36 IST" skipped="0">
  <testcase classname="com.emi.runners.CucumberTestRunner" name="runScenario" time="12.618"/>
</testsuite> <!-- com.emi.runners.CucumberTestRunner -->
