<?xml version="1.0" encoding="UTF-8"?>
<!-- Generated by org.testng.reporters.JUnitReportReporter -->
<testsuite hostname="LTIN654110" failures="0" tests="28" name="com.emi.runners.CucumberTestRunner" time="414.491" errors="0" timestamp="2025-08-28T12:02:06 IST" skipped="0">
  <testcase classname="com.emi.runners.CucumberTestRunner" name="runScenario" time="9.701"/>
  <testcase classname="com.emi.runners.CucumberTestRunner" name="runScenario" time="17.250"/>
  <testcase classname="com.emi.runners.CucumberTestRunner" name="runScenario" time="15.950"/>
  <testcase classname="com.emi.runners.CucumberTestRunner" name="runScenario" time="19.061"/>
  <testcase classname="com.emi.runners.CucumberTestRunner" name="runScenario" time="13.627"/>
  <testcase classname="com.emi.runners.CucumberTestRunner" name="runScenario" time="13.272"/>
  <testcase classname="com.emi.runners.CucumberTestRunner" name="runScenario" time="16.709"/>
  <testcase classname="com.emi.runners.CucumberTestRunner" name="runScenario" time="15.342"/>
  <testcase classname="com.emi.runners.CucumberTestRunner" name="runScenario" time="12.740"/>
  <testcase classname="com.emi.runners.CucumberTestRunner" name="runScenario" time="11.331"/>
  <testcase classname="com.emi.runners.CucumberTestRunner" name="runScenario" time="13.644"/>
  <testcase classname="com.emi.runners.CucumberTestRunner" name="runScenario" time="12.230"/>
  <testcase classname="com.emi.runners.CucumberTestRunner" name="runScenario" time="15.953"/>
  <testcase classname="com.emi.runners.CucumberTestRunner" name="runScenario" time="19.120"/>
  <testcase classname="com.emi.runners.CucumberTestRunner" name="runScenario" time="11.924"/>
  <testcase classname="com.emi.runners.CucumberTestRunner" name="runScenario" time="11.770"/>
  <testcase classname="com.emi.runners.CucumberTestRunner" name="runScenario" time="12.686"/>
  <testcase classname="com.emi.runners.CucumberTestRunner" name="runScenario" time="12.899"/>
  <testcase classname="com.emi.runners.CucumberTestRunner" name="runScenario" time="14.315"/>
  <testcase classname="com.emi.runners.CucumberTestRunner" name="runScenario" time="13.785"/>
  <testcase classname="com.emi.runners.CucumberTestRunner" name="runScenario" time="18.462"/>
  <testcase classname="com.emi.runners.CucumberTestRunner" name="runScenario" time="11.781"/>
  <testcase classname="com.emi.runners.CucumberTestRunner" name="runScenario" time="16.666"/>
  <testcase classname="com.emi.runners.CucumberTestRunner" name="runScenario" time="21.149"/>
  <testcase classname="com.emi.runners.CucumberTestRunner" name="runScenario" time="21.429"/>
  <testcase classname="com.emi.runners.CucumberTestRunner" name="runScenario" time="12.385"/>
  <testcase classname="com.emi.runners.CucumberTestRunner" name="runScenario" time="17.637"/>
  <testcase classname="com.emi.runners.CucumberTestRunner" name="runScenario" time="11.673"/>
</testsuite> <!-- com.emi.runners.CucumberTestRunner -->
